TimeQuest Timing Analyzer report for MIC1
Mon Apr 08 22:12:16 2024
Quartus II 64-Bit Version 13.0.1 Build 232 06/12/2013 Service Pack 1 SJ Web Edition


---------------------
; Table of Contents ;
---------------------
  1. Legal Notice
  2. TimeQuest Timing Analyzer Summary
  3. Parallel Compilation
  4. Clocks
  5. Slow Model Fmax Summary
  6. Slow Model Setup Summary
  7. Slow Model Hold Summary
  8. Slow Model Recovery Summary
  9. Slow Model Removal Summary
 10. Slow Model Minimum Pulse Width Summary
 11. Propagation Delay
 12. Minimum Propagation Delay
 13. Fast Model Setup Summary
 14. Fast Model Hold Summary
 15. Fast Model Recovery Summary
 16. Fast Model Removal Summary
 17. Fast Model Minimum Pulse Width Summary
 18. Propagation Delay
 19. Minimum Propagation Delay
 20. Multicorner Timing Analysis Summary
 21. Progagation Delay
 22. Minimum Progagation Delay
 23. Clock Transfers
 24. Report TCCS
 25. Report RSKM
 26. Unconstrained Paths
 27. TimeQuest Timing Analyzer Messages



----------------
; Legal Notice ;
----------------
Copyright (C) 1991-2013 Altera Corporation
Your use of Altera Corporation's design tools, logic functions 
and other software and tools, and its AMPP partner logic 
functions, and any output files from any of the foregoing 
(including device programming or simulation files), and any 
associated documentation or information are expressly subject 
to the terms and conditions of the Altera Program License 
Subscription Agreement, Altera MegaCore Function License 
Agreement, or other applicable license agreement, including, 
without limitation, that your use is for the sole purpose of 
programming logic devices manufactured by Altera and sold by 
Altera or its authorized distributors.  Please refer to the 
applicable agreement for further details.



+----------------------------------------------------------------------------------------+
; TimeQuest Timing Analyzer Summary                                                      ;
+--------------------+-------------------------------------------------------------------+
; Quartus II Version ; Version 13.0.1 Build 232 06/12/2013 Service Pack 1 SJ Web Edition ;
; Revision Name      ; MIC1                                                              ;
; Device Family      ; Cyclone II                                                        ;
; Device Name        ; EP2C70F896I8                                                      ;
; Timing Models      ; Final                                                             ;
; Delay Model        ; Combined                                                          ;
; Rise/Fall Delays   ; Unavailable                                                       ;
+--------------------+-------------------------------------------------------------------+


Parallel compilation was disabled, but you have multiple processors available. Enable parallel compilation to reduce compilation time.
+-------------------------------------+
; Parallel Compilation                ;
+----------------------------+--------+
; Processors                 ; Number ;
+----------------------------+--------+
; Number detected on machine ; 4      ;
; Maximum allowed            ; 1      ;
+----------------------------+--------+


----------
; Clocks ;
----------
No clocks to report.


---------------------------
; Slow Model Fmax Summary ;
---------------------------
No paths to report.


----------------------------
; Slow Model Setup Summary ;
----------------------------
No paths to report.


---------------------------
; Slow Model Hold Summary ;
---------------------------
No paths to report.


-------------------------------
; Slow Model Recovery Summary ;
-------------------------------
No paths to report.


------------------------------
; Slow Model Removal Summary ;
------------------------------
No paths to report.


------------------------------------------
; Slow Model Minimum Pulse Width Summary ;
------------------------------------------
No paths to report.


+--------------------------------------------------------------+
; Propagation Delay                                            ;
+------------+-------------+--------+--------+--------+--------+
; Input Port ; Output Port ; RR     ; RF     ; FR     ; FF     ;
+------------+-------------+--------+--------+--------+--------+
; A[0]       ; COUT        ; 19.714 ; 19.714 ; 19.714 ; 19.714 ;
; A[0]       ; SOMA[0]     ; 13.454 ; 13.454 ; 13.454 ; 13.454 ;
; A[0]       ; SOMA[1]     ; 14.199 ; 14.199 ; 14.199 ; 14.199 ;
; A[0]       ; SOMA[2]     ; 15.521 ; 15.521 ; 15.521 ; 15.521 ;
; A[0]       ; SOMA[3]     ; 15.295 ; 15.295 ; 15.295 ; 15.295 ;
; A[0]       ; SOMA[4]     ; 16.298 ; 16.298 ; 16.298 ; 16.298 ;
; A[0]       ; SOMA[5]     ; 18.416 ; 18.416 ; 18.416 ; 18.416 ;
; A[0]       ; SOMA[6]     ; 19.427 ; 19.427 ; 19.427 ; 19.427 ;
; A[0]       ; SOMA[7]     ; 20.808 ; 20.808 ; 20.808 ; 20.808 ;
; A[1]       ; COUT        ; 18.140 ; 18.140 ; 18.140 ; 18.140 ;
; A[1]       ; SOMA[1]     ; 13.182 ; 13.182 ; 13.182 ; 13.182 ;
; A[1]       ; SOMA[2]     ; 13.947 ; 13.947 ; 13.947 ; 13.947 ;
; A[1]       ; SOMA[3]     ; 13.721 ; 13.721 ; 13.721 ; 13.721 ;
; A[1]       ; SOMA[4]     ; 14.724 ; 14.724 ; 14.724 ; 14.724 ;
; A[1]       ; SOMA[5]     ; 16.842 ; 16.842 ; 16.842 ; 16.842 ;
; A[1]       ; SOMA[6]     ; 17.853 ; 17.853 ; 17.853 ; 17.853 ;
; A[1]       ; SOMA[7]     ; 19.234 ; 19.234 ; 19.234 ; 19.234 ;
; A[2]       ; COUT        ; 17.668 ; 17.668 ; 17.668 ; 17.668 ;
; A[2]       ; SOMA[2]     ; 13.471 ; 13.471 ; 13.471 ; 13.471 ;
; A[2]       ; SOMA[3]     ; 13.249 ; 13.249 ; 13.249 ; 13.249 ;
; A[2]       ; SOMA[4]     ; 14.252 ; 14.252 ; 14.252 ; 14.252 ;
; A[2]       ; SOMA[5]     ; 16.370 ; 16.370 ; 16.370 ; 16.370 ;
; A[2]       ; SOMA[6]     ; 17.381 ; 17.381 ; 17.381 ; 17.381 ;
; A[2]       ; SOMA[7]     ; 18.762 ; 18.762 ; 18.762 ; 18.762 ;
; A[3]       ; COUT        ; 17.254 ; 17.254 ; 17.254 ; 17.254 ;
; A[3]       ; SOMA[3]     ; 12.832 ; 12.832 ; 12.832 ; 12.832 ;
; A[3]       ; SOMA[4]     ; 13.838 ; 13.838 ; 13.838 ; 13.838 ;
; A[3]       ; SOMA[5]     ; 15.956 ; 15.956 ; 15.956 ; 15.956 ;
; A[3]       ; SOMA[6]     ; 16.967 ; 16.967 ; 16.967 ; 16.967 ;
; A[3]       ; SOMA[7]     ; 18.348 ; 18.348 ; 18.348 ; 18.348 ;
; A[4]       ; COUT        ; 16.115 ; 16.115 ; 16.115 ; 16.115 ;
; A[4]       ; SOMA[4]     ; 13.119 ; 13.119 ; 13.119 ; 13.119 ;
; A[4]       ; SOMA[5]     ; 14.817 ; 14.817 ; 14.817 ; 14.817 ;
; A[4]       ; SOMA[6]     ; 15.828 ; 15.828 ; 15.828 ; 15.828 ;
; A[4]       ; SOMA[7]     ; 17.209 ; 17.209 ; 17.209 ; 17.209 ;
; A[6]       ; COUT        ; 13.536 ; 13.536 ; 13.536 ; 13.536 ;
; A[6]       ; SOMA[6]     ; 13.545 ; 13.545 ; 13.545 ; 13.545 ;
; A[6]       ; SOMA[7]     ; 14.630 ; 14.630 ; 14.630 ; 14.630 ;
; A[7]       ; COUT        ; 9.856  ; 9.856  ; 9.856  ; 9.856  ;
; A[7]       ; SOMA[7]     ; 10.955 ; 10.955 ; 10.955 ; 10.955 ;
; B[0]       ; COUT        ; 20.141 ;        ;        ; 20.141 ;
; B[0]       ; SOMA[0]     ; 13.308 ; 13.308 ; 13.308 ; 13.308 ;
; B[0]       ; SOMA[1]     ; 14.626 ; 14.626 ; 14.626 ; 14.626 ;
; B[0]       ; SOMA[2]     ; 15.948 ; 15.948 ; 15.948 ; 15.948 ;
; B[0]       ; SOMA[3]     ; 15.722 ; 15.722 ; 15.722 ; 15.722 ;
; B[0]       ; SOMA[4]     ; 16.725 ; 16.725 ; 16.725 ; 16.725 ;
; B[0]       ; SOMA[5]     ; 18.843 ; 18.843 ; 18.843 ; 18.843 ;
; B[0]       ; SOMA[6]     ; 19.854 ; 19.854 ; 19.854 ; 19.854 ;
; B[0]       ; SOMA[7]     ; 21.235 ; 21.235 ; 21.235 ; 21.235 ;
; B[1]       ; COUT        ; 18.384 ;        ;        ; 18.384 ;
; B[1]       ; SOMA[1]     ; 12.594 ; 12.594 ; 12.594 ; 12.594 ;
; B[1]       ; SOMA[2]     ; 14.191 ; 14.191 ; 14.191 ; 14.191 ;
; B[1]       ; SOMA[3]     ; 13.965 ; 13.965 ; 13.965 ; 13.965 ;
; B[1]       ; SOMA[4]     ; 14.968 ; 14.968 ; 14.968 ; 14.968 ;
; B[1]       ; SOMA[5]     ; 17.086 ; 17.086 ; 17.086 ; 17.086 ;
; B[1]       ; SOMA[6]     ; 18.097 ; 18.097 ; 18.097 ; 18.097 ;
; B[1]       ; SOMA[7]     ; 19.478 ; 19.478 ; 19.478 ; 19.478 ;
; B[2]       ; COUT        ; 18.318 ;        ;        ; 18.318 ;
; B[2]       ; SOMA[2]     ; 13.125 ; 13.125 ; 13.125 ; 13.125 ;
; B[2]       ; SOMA[3]     ; 13.899 ; 13.899 ; 13.899 ; 13.899 ;
; B[2]       ; SOMA[4]     ; 14.902 ; 14.902 ; 14.902 ; 14.902 ;
; B[2]       ; SOMA[5]     ; 17.020 ; 17.020 ; 17.020 ; 17.020 ;
; B[2]       ; SOMA[6]     ; 18.031 ; 18.031 ; 18.031 ; 18.031 ;
; B[2]       ; SOMA[7]     ; 19.412 ; 19.412 ; 19.412 ; 19.412 ;
; B[3]       ; COUT        ; 17.414 ;        ;        ; 17.414 ;
; B[3]       ; SOMA[3]     ; 12.167 ; 12.167 ; 12.167 ; 12.167 ;
; B[3]       ; SOMA[4]     ; 13.998 ; 13.998 ; 13.998 ; 13.998 ;
; B[3]       ; SOMA[5]     ; 16.116 ; 16.116 ; 16.116 ; 16.116 ;
; B[3]       ; SOMA[6]     ; 17.127 ; 17.127 ; 17.127 ; 17.127 ;
; B[3]       ; SOMA[7]     ; 18.508 ; 18.508 ; 18.508 ; 18.508 ;
; B[4]       ; COUT        ; 15.524 ;        ;        ; 15.524 ;
; B[4]       ; SOMA[4]     ; 11.530 ; 11.530 ; 11.530 ; 11.530 ;
; B[4]       ; SOMA[5]     ; 14.226 ; 14.226 ; 14.226 ; 14.226 ;
; B[4]       ; SOMA[6]     ; 15.237 ; 15.237 ; 15.237 ; 15.237 ;
; B[4]       ; SOMA[7]     ; 16.618 ; 16.618 ; 16.618 ; 16.618 ;
; B[5]       ; COUT        ; 15.434 ; 15.434 ; 15.434 ; 15.434 ;
; B[5]       ; SOMA[5]     ; 14.137 ; 14.137 ; 14.137 ; 14.137 ;
; B[5]       ; SOMA[6]     ; 15.147 ; 15.147 ; 15.147 ; 15.147 ;
; B[5]       ; SOMA[7]     ; 16.528 ; 16.528 ; 16.528 ; 16.528 ;
; B[6]       ; COUT        ; 13.478 ;        ;        ; 13.478 ;
; B[6]       ; SOMA[6]     ; 12.665 ; 12.665 ; 12.665 ; 12.665 ;
; B[6]       ; SOMA[7]     ; 14.572 ; 14.572 ; 14.572 ; 14.572 ;
; B[7]       ; COUT        ; 11.834 ;        ;        ; 11.834 ;
; B[7]       ; SOMA[7]     ; 12.304 ; 12.304 ; 12.304 ; 12.304 ;
; CIN        ; COUT        ; 18.614 ;        ;        ; 18.614 ;
; CIN        ; SOMA[0]     ; 12.603 ; 12.603 ; 12.603 ; 12.603 ;
; CIN        ; SOMA[1]     ; 13.099 ; 13.099 ; 13.099 ; 13.099 ;
; CIN        ; SOMA[2]     ; 14.421 ; 14.421 ; 14.421 ; 14.421 ;
; CIN        ; SOMA[3]     ; 14.195 ; 14.195 ; 14.195 ; 14.195 ;
; CIN        ; SOMA[4]     ; 15.198 ; 15.198 ; 15.198 ; 15.198 ;
; CIN        ; SOMA[5]     ; 17.316 ; 17.316 ; 17.316 ; 17.316 ;
; CIN        ; SOMA[6]     ; 18.327 ; 18.327 ; 18.327 ; 18.327 ;
; CIN        ; SOMA[7]     ; 19.708 ; 19.708 ; 19.708 ; 19.708 ;
; ENA        ; COUT        ; 19.809 ; 19.809 ; 19.809 ; 19.809 ;
; ENA        ; SOMA[0]     ; 13.549 ; 13.549 ; 13.549 ; 13.549 ;
; ENA        ; SOMA[1]     ; 14.294 ; 14.294 ; 14.294 ; 14.294 ;
; ENA        ; SOMA[2]     ; 15.616 ; 15.616 ; 15.616 ; 15.616 ;
; ENA        ; SOMA[3]     ; 15.390 ; 15.390 ; 15.390 ; 15.390 ;
; ENA        ; SOMA[4]     ; 16.393 ; 16.393 ; 16.393 ; 16.393 ;
; ENA        ; SOMA[5]     ; 18.511 ; 18.511 ; 18.511 ; 18.511 ;
; ENA        ; SOMA[6]     ; 19.522 ; 19.522 ; 19.522 ; 19.522 ;
; ENA        ; SOMA[7]     ; 20.903 ; 20.903 ; 20.903 ; 20.903 ;
; ENB        ; COUT        ; 20.286 ;        ;        ; 20.286 ;
; ENB        ; SOMA[0]     ; 13.453 ; 13.453 ; 13.453 ; 13.453 ;
; ENB        ; SOMA[1]     ; 14.771 ; 14.771 ; 14.771 ; 14.771 ;
; ENB        ; SOMA[2]     ; 16.093 ; 16.093 ; 16.093 ; 16.093 ;
; ENB        ; SOMA[3]     ; 15.867 ; 15.867 ; 15.867 ; 15.867 ;
; ENB        ; SOMA[4]     ; 16.870 ; 16.870 ; 16.870 ; 16.870 ;
; ENB        ; SOMA[5]     ; 18.988 ; 18.988 ; 18.988 ; 18.988 ;
; ENB        ; SOMA[6]     ; 19.999 ; 19.999 ; 19.999 ; 19.999 ;
; ENB        ; SOMA[7]     ; 21.380 ; 21.380 ; 21.380 ; 21.380 ;
; F0         ; SOMA[0]     ; 12.716 ; 12.716 ; 12.716 ; 12.716 ;
; F0         ; SOMA[1]     ; 13.019 ; 13.019 ; 13.019 ; 13.019 ;
; F0         ; SOMA[2]     ; 13.187 ; 13.187 ; 13.187 ; 13.187 ;
; F0         ; SOMA[3]     ; 12.382 ; 12.382 ; 12.382 ; 12.382 ;
; F0         ; SOMA[4]     ; 12.815 ; 12.815 ; 12.815 ; 12.815 ;
; F0         ; SOMA[5]     ; 12.028 ; 12.028 ; 12.028 ; 12.028 ;
; F0         ; SOMA[6]     ; 12.032 ; 12.032 ; 12.032 ; 12.032 ;
; F0         ; SOMA[7]     ; 12.406 ; 12.406 ; 12.406 ; 12.406 ;
; F1         ; SOMA[0]     ; 12.829 ; 12.829 ; 12.829 ; 12.829 ;
; F1         ; SOMA[1]     ; 12.825 ; 12.825 ; 12.825 ; 12.825 ;
; F1         ; SOMA[2]     ; 12.256 ; 12.256 ; 12.256 ; 12.256 ;
; F1         ; SOMA[3]     ; 12.174 ; 12.174 ; 12.174 ; 12.174 ;
; F1         ; SOMA[4]     ; 11.871 ; 11.871 ; 11.871 ; 11.871 ;
; F1         ; SOMA[5]     ; 12.231 ; 12.231 ; 12.231 ; 12.231 ;
; F1         ; SOMA[6]     ; 12.235 ; 12.235 ; 12.235 ; 12.235 ;
; F1         ; SOMA[7]     ; 12.565 ; 12.565 ; 12.565 ; 12.565 ;
; INVA       ; COUT        ; 19.730 ; 19.730 ; 19.730 ; 19.730 ;
; INVA       ; SOMA[0]     ; 13.470 ; 13.470 ; 13.470 ; 13.470 ;
; INVA       ; SOMA[1]     ; 14.215 ; 14.215 ; 14.215 ; 14.215 ;
; INVA       ; SOMA[2]     ; 15.537 ; 15.537 ; 15.537 ; 15.537 ;
; INVA       ; SOMA[3]     ; 15.311 ; 15.311 ; 15.311 ; 15.311 ;
; INVA       ; SOMA[4]     ; 16.314 ; 16.314 ; 16.314 ; 16.314 ;
; INVA       ; SOMA[5]     ; 18.432 ; 18.432 ; 18.432 ; 18.432 ;
; INVA       ; SOMA[6]     ; 19.443 ; 19.443 ; 19.443 ; 19.443 ;
; INVA       ; SOMA[7]     ; 20.824 ; 20.824 ; 20.824 ; 20.824 ;
+------------+-------------+--------+--------+--------+--------+


+--------------------------------------------------------------+
; Minimum Propagation Delay                                    ;
+------------+-------------+--------+--------+--------+--------+
; Input Port ; Output Port ; RR     ; RF     ; FR     ; FF     ;
+------------+-------------+--------+--------+--------+--------+
; A[0]       ; COUT        ; 19.714 ; 19.714 ; 19.714 ; 19.714 ;
; A[0]       ; SOMA[0]     ; 13.454 ; 13.454 ; 13.454 ; 13.454 ;
; A[0]       ; SOMA[1]     ; 14.199 ; 14.199 ; 14.199 ; 14.199 ;
; A[0]       ; SOMA[2]     ; 15.521 ; 15.521 ; 15.521 ; 15.521 ;
; A[0]       ; SOMA[3]     ; 15.295 ; 15.295 ; 15.295 ; 15.295 ;
; A[0]       ; SOMA[4]     ; 16.298 ; 16.298 ; 16.298 ; 16.298 ;
; A[0]       ; SOMA[5]     ; 18.416 ; 18.416 ; 18.416 ; 18.416 ;
; A[0]       ; SOMA[6]     ; 19.427 ; 19.427 ; 19.427 ; 19.427 ;
; A[0]       ; SOMA[7]     ; 20.808 ; 20.808 ; 20.808 ; 20.808 ;
; A[1]       ; COUT        ; 18.140 ; 18.140 ; 18.140 ; 18.140 ;
; A[1]       ; SOMA[1]     ; 13.182 ; 13.182 ; 13.182 ; 13.182 ;
; A[1]       ; SOMA[2]     ; 13.947 ; 13.947 ; 13.947 ; 13.947 ;
; A[1]       ; SOMA[3]     ; 13.721 ; 13.721 ; 13.721 ; 13.721 ;
; A[1]       ; SOMA[4]     ; 14.724 ; 14.724 ; 14.724 ; 14.724 ;
; A[1]       ; SOMA[5]     ; 16.842 ; 16.842 ; 16.842 ; 16.842 ;
; A[1]       ; SOMA[6]     ; 17.853 ; 17.853 ; 17.853 ; 17.853 ;
; A[1]       ; SOMA[7]     ; 19.234 ; 19.234 ; 19.234 ; 19.234 ;
; A[2]       ; COUT        ; 17.668 ; 17.668 ; 17.668 ; 17.668 ;
; A[2]       ; SOMA[2]     ; 13.471 ; 13.471 ; 13.471 ; 13.471 ;
; A[2]       ; SOMA[3]     ; 13.249 ; 13.249 ; 13.249 ; 13.249 ;
; A[2]       ; SOMA[4]     ; 14.252 ; 14.252 ; 14.252 ; 14.252 ;
; A[2]       ; SOMA[5]     ; 16.370 ; 16.370 ; 16.370 ; 16.370 ;
; A[2]       ; SOMA[6]     ; 17.381 ; 17.381 ; 17.381 ; 17.381 ;
; A[2]       ; SOMA[7]     ; 18.762 ; 18.762 ; 18.762 ; 18.762 ;
; A[3]       ; COUT        ; 17.254 ; 17.254 ; 17.254 ; 17.254 ;
; A[3]       ; SOMA[3]     ; 12.832 ; 12.832 ; 12.832 ; 12.832 ;
; A[3]       ; SOMA[4]     ; 13.838 ; 13.838 ; 13.838 ; 13.838 ;
; A[3]       ; SOMA[5]     ; 15.956 ; 15.956 ; 15.956 ; 15.956 ;
; A[3]       ; SOMA[6]     ; 16.967 ; 16.967 ; 16.967 ; 16.967 ;
; A[3]       ; SOMA[7]     ; 18.348 ; 18.348 ; 18.348 ; 18.348 ;
; A[4]       ; COUT        ; 16.115 ; 16.115 ; 16.115 ; 16.115 ;
; A[4]       ; SOMA[4]     ; 13.119 ; 13.119 ; 13.119 ; 13.119 ;
; A[4]       ; SOMA[5]     ; 14.817 ; 14.817 ; 14.817 ; 14.817 ;
; A[4]       ; SOMA[6]     ; 15.828 ; 15.828 ; 15.828 ; 15.828 ;
; A[4]       ; SOMA[7]     ; 17.209 ; 17.209 ; 17.209 ; 17.209 ;
; A[6]       ; COUT        ; 13.536 ; 13.536 ; 13.536 ; 13.536 ;
; A[6]       ; SOMA[6]     ; 13.545 ; 13.545 ; 13.545 ; 13.545 ;
; A[6]       ; SOMA[7]     ; 14.630 ; 14.630 ; 14.630 ; 14.630 ;
; A[7]       ; COUT        ; 9.856  ; 9.856  ; 9.856  ; 9.856  ;
; A[7]       ; SOMA[7]     ; 10.955 ; 10.955 ; 10.955 ; 10.955 ;
; B[0]       ; COUT        ; 20.141 ;        ;        ; 20.141 ;
; B[0]       ; SOMA[0]     ; 13.308 ; 13.308 ; 13.308 ; 13.308 ;
; B[0]       ; SOMA[1]     ; 14.626 ; 14.626 ; 14.626 ; 14.626 ;
; B[0]       ; SOMA[2]     ; 15.948 ; 15.948 ; 15.948 ; 15.948 ;
; B[0]       ; SOMA[3]     ; 15.722 ; 15.722 ; 15.722 ; 15.722 ;
; B[0]       ; SOMA[4]     ; 16.725 ; 16.725 ; 16.725 ; 16.725 ;
; B[0]       ; SOMA[5]     ; 18.843 ; 18.843 ; 18.843 ; 18.843 ;
; B[0]       ; SOMA[6]     ; 19.854 ; 19.854 ; 19.854 ; 19.854 ;
; B[0]       ; SOMA[7]     ; 21.235 ; 21.235 ; 21.235 ; 21.235 ;
; B[1]       ; COUT        ; 18.384 ;        ;        ; 18.384 ;
; B[1]       ; SOMA[1]     ; 12.594 ; 12.594 ; 12.594 ; 12.594 ;
; B[1]       ; SOMA[2]     ; 14.191 ; 14.191 ; 14.191 ; 14.191 ;
; B[1]       ; SOMA[3]     ; 13.965 ; 13.965 ; 13.965 ; 13.965 ;
; B[1]       ; SOMA[4]     ; 14.968 ; 14.968 ; 14.968 ; 14.968 ;
; B[1]       ; SOMA[5]     ; 17.086 ; 17.086 ; 17.086 ; 17.086 ;
; B[1]       ; SOMA[6]     ; 18.097 ; 18.097 ; 18.097 ; 18.097 ;
; B[1]       ; SOMA[7]     ; 19.478 ; 19.478 ; 19.478 ; 19.478 ;
; B[2]       ; COUT        ; 18.318 ;        ;        ; 18.318 ;
; B[2]       ; SOMA[2]     ; 13.125 ; 13.125 ; 13.125 ; 13.125 ;
; B[2]       ; SOMA[3]     ; 13.899 ; 13.899 ; 13.899 ; 13.899 ;
; B[2]       ; SOMA[4]     ; 14.902 ; 14.902 ; 14.902 ; 14.902 ;
; B[2]       ; SOMA[5]     ; 17.020 ; 17.020 ; 17.020 ; 17.020 ;
; B[2]       ; SOMA[6]     ; 18.031 ; 18.031 ; 18.031 ; 18.031 ;
; B[2]       ; SOMA[7]     ; 19.412 ; 19.412 ; 19.412 ; 19.412 ;
; B[3]       ; COUT        ; 17.414 ;        ;        ; 17.414 ;
; B[3]       ; SOMA[3]     ; 12.167 ; 12.167 ; 12.167 ; 12.167 ;
; B[3]       ; SOMA[4]     ; 13.998 ; 13.998 ; 13.998 ; 13.998 ;
; B[3]       ; SOMA[5]     ; 16.116 ; 16.116 ; 16.116 ; 16.116 ;
; B[3]       ; SOMA[6]     ; 17.127 ; 17.127 ; 17.127 ; 17.127 ;
; B[3]       ; SOMA[7]     ; 18.508 ; 18.508 ; 18.508 ; 18.508 ;
; B[4]       ; COUT        ; 15.524 ;        ;        ; 15.524 ;
; B[4]       ; SOMA[4]     ; 11.530 ; 11.530 ; 11.530 ; 11.530 ;
; B[4]       ; SOMA[5]     ; 14.226 ; 14.226 ; 14.226 ; 14.226 ;
; B[4]       ; SOMA[6]     ; 15.237 ; 15.237 ; 15.237 ; 15.237 ;
; B[4]       ; SOMA[7]     ; 16.618 ; 16.618 ; 16.618 ; 16.618 ;
; B[5]       ; COUT        ; 15.025 ; 15.434 ; 15.434 ; 15.025 ;
; B[5]       ; SOMA[5]     ; 13.520 ; 13.520 ; 13.520 ; 13.520 ;
; B[5]       ; SOMA[6]     ; 14.738 ; 14.738 ; 14.738 ; 14.738 ;
; B[5]       ; SOMA[7]     ; 16.119 ; 16.119 ; 16.119 ; 16.119 ;
; B[6]       ; COUT        ; 13.478 ;        ;        ; 13.478 ;
; B[6]       ; SOMA[6]     ; 12.665 ; 12.665 ; 12.665 ; 12.665 ;
; B[6]       ; SOMA[7]     ; 14.572 ; 14.572 ; 14.572 ; 14.572 ;
; B[7]       ; COUT        ; 11.834 ;        ;        ; 11.834 ;
; B[7]       ; SOMA[7]     ; 12.304 ; 12.304 ; 12.304 ; 12.304 ;
; CIN        ; COUT        ; 18.614 ;        ;        ; 18.614 ;
; CIN        ; SOMA[0]     ; 12.603 ; 12.603 ; 12.603 ; 12.603 ;
; CIN        ; SOMA[1]     ; 13.099 ; 13.099 ; 13.099 ; 13.099 ;
; CIN        ; SOMA[2]     ; 14.421 ; 14.421 ; 14.421 ; 14.421 ;
; CIN        ; SOMA[3]     ; 14.195 ; 14.195 ; 14.195 ; 14.195 ;
; CIN        ; SOMA[4]     ; 15.198 ; 15.198 ; 15.198 ; 15.198 ;
; CIN        ; SOMA[5]     ; 17.316 ; 17.316 ; 17.316 ; 17.316 ;
; CIN        ; SOMA[6]     ; 18.327 ; 18.327 ; 18.327 ; 18.327 ;
; CIN        ; SOMA[7]     ; 19.708 ; 19.708 ; 19.708 ; 19.708 ;
; ENA        ; COUT        ; 12.336 ; 12.336 ; 12.336 ; 12.336 ;
; ENA        ; SOMA[0]     ; 13.549 ; 13.549 ; 13.549 ; 13.549 ;
; ENA        ; SOMA[1]     ; 13.975 ; 13.975 ; 13.975 ; 13.975 ;
; ENA        ; SOMA[2]     ; 13.860 ; 13.860 ; 13.860 ; 13.860 ;
; ENA        ; SOMA[3]     ; 13.092 ; 13.092 ; 13.092 ; 13.092 ;
; ENA        ; SOMA[4]     ; 13.486 ; 13.486 ; 13.486 ; 13.486 ;
; ENA        ; SOMA[5]     ; 12.997 ; 12.997 ; 12.997 ; 12.997 ;
; ENA        ; SOMA[6]     ; 13.059 ; 13.059 ; 13.059 ; 13.059 ;
; ENA        ; SOMA[7]     ; 13.435 ; 13.435 ; 13.435 ; 13.435 ;
; ENB        ; COUT        ; 12.320 ;        ;        ; 12.320 ;
; ENB        ; SOMA[0]     ; 13.453 ; 13.453 ; 13.453 ; 13.453 ;
; ENB        ; SOMA[1]     ; 13.449 ; 13.449 ; 13.449 ; 13.449 ;
; ENB        ; SOMA[2]     ; 12.935 ; 12.935 ; 12.935 ; 12.935 ;
; ENB        ; SOMA[3]     ; 12.254 ; 12.254 ; 12.254 ; 12.254 ;
; ENB        ; SOMA[4]     ; 12.083 ; 12.083 ; 12.083 ; 12.083 ;
; ENB        ; SOMA[5]     ; 12.396 ; 12.396 ; 12.396 ; 12.396 ;
; ENB        ; SOMA[6]     ; 12.068 ; 12.068 ; 12.068 ; 12.068 ;
; ENB        ; SOMA[7]     ; 12.790 ; 12.790 ; 12.790 ; 12.790 ;
; F0         ; SOMA[0]     ; 12.143 ; 12.143 ; 12.143 ; 12.143 ;
; F0         ; SOMA[1]     ; 12.138 ; 12.138 ; 12.138 ; 12.138 ;
; F0         ; SOMA[2]     ; 11.768 ; 11.768 ; 11.768 ; 11.768 ;
; F0         ; SOMA[3]     ; 11.809 ; 11.809 ; 11.809 ; 11.809 ;
; F0         ; SOMA[4]     ; 11.834 ; 11.834 ; 11.834 ; 11.834 ;
; F0         ; SOMA[5]     ; 11.026 ; 11.026 ; 11.026 ; 11.026 ;
; F0         ; SOMA[6]     ; 11.034 ; 11.034 ; 11.034 ; 11.034 ;
; F0         ; SOMA[7]     ; 11.363 ; 11.363 ; 11.363 ; 11.363 ;
; F1         ; SOMA[0]     ; 12.829 ; 12.829 ; 12.829 ; 12.829 ;
; F1         ; SOMA[1]     ; 12.825 ; 12.825 ; 12.825 ; 12.825 ;
; F1         ; SOMA[2]     ; 12.256 ; 12.256 ; 12.256 ; 12.256 ;
; F1         ; SOMA[3]     ; 12.174 ; 12.174 ; 12.174 ; 12.174 ;
; F1         ; SOMA[4]     ; 11.871 ; 11.871 ; 11.871 ; 11.871 ;
; F1         ; SOMA[5]     ; 12.231 ; 12.231 ; 12.231 ; 12.231 ;
; F1         ; SOMA[6]     ; 12.235 ; 12.235 ; 12.235 ; 12.235 ;
; F1         ; SOMA[7]     ; 12.565 ; 12.565 ; 12.565 ; 12.565 ;
; INVA       ; COUT        ; 11.512 ; 11.512 ; 11.512 ; 11.512 ;
; INVA       ; SOMA[0]     ; 13.470 ; 13.470 ; 13.470 ; 13.470 ;
; INVA       ; SOMA[1]     ; 12.994 ; 12.994 ; 12.994 ; 12.994 ;
; INVA       ; SOMA[2]     ; 13.245 ; 13.245 ; 13.245 ; 13.245 ;
; INVA       ; SOMA[3]     ; 12.443 ; 12.443 ; 12.443 ; 12.443 ;
; INVA       ; SOMA[4]     ; 12.870 ; 12.870 ; 12.870 ; 12.870 ;
; INVA       ; SOMA[5]     ; 12.229 ; 12.229 ; 12.229 ; 12.229 ;
; INVA       ; SOMA[6]     ; 12.234 ; 12.234 ; 12.234 ; 12.234 ;
; INVA       ; SOMA[7]     ; 12.611 ; 12.611 ; 12.611 ; 12.611 ;
+------------+-------------+--------+--------+--------+--------+


----------------------------
; Fast Model Setup Summary ;
----------------------------
No paths to report.


---------------------------
; Fast Model Hold Summary ;
---------------------------
No paths to report.


-------------------------------
; Fast Model Recovery Summary ;
-------------------------------
No paths to report.


------------------------------
; Fast Model Removal Summary ;
------------------------------
No paths to report.


------------------------------------------
; Fast Model Minimum Pulse Width Summary ;
------------------------------------------
No paths to report.


+----------------------------------------------------------+
; Propagation Delay                                        ;
+------------+-------------+-------+-------+-------+-------+
; Input Port ; Output Port ; RR    ; RF    ; FR    ; FF    ;
+------------+-------------+-------+-------+-------+-------+
; A[0]       ; COUT        ; 7.268 ; 7.268 ; 7.268 ; 7.268 ;
; A[0]       ; SOMA[0]     ; 5.576 ; 5.576 ; 5.576 ; 5.576 ;
; A[0]       ; SOMA[1]     ; 5.781 ; 5.781 ; 5.781 ; 5.781 ;
; A[0]       ; SOMA[2]     ; 6.170 ; 6.170 ; 6.170 ; 6.170 ;
; A[0]       ; SOMA[3]     ; 6.111 ; 6.111 ; 6.111 ; 6.111 ;
; A[0]       ; SOMA[4]     ; 6.383 ; 6.383 ; 6.383 ; 6.383 ;
; A[0]       ; SOMA[5]     ; 6.954 ; 6.954 ; 6.954 ; 6.954 ;
; A[0]       ; SOMA[6]     ; 7.233 ; 7.233 ; 7.233 ; 7.233 ;
; A[0]       ; SOMA[7]     ; 7.597 ; 7.597 ; 7.597 ; 7.597 ;
; A[1]       ; COUT        ; 6.853 ; 6.853 ; 6.853 ; 6.853 ;
; A[1]       ; SOMA[1]     ; 5.512 ; 5.512 ; 5.512 ; 5.512 ;
; A[1]       ; SOMA[2]     ; 5.755 ; 5.755 ; 5.755 ; 5.755 ;
; A[1]       ; SOMA[3]     ; 5.696 ; 5.696 ; 5.696 ; 5.696 ;
; A[1]       ; SOMA[4]     ; 5.968 ; 5.968 ; 5.968 ; 5.968 ;
; A[1]       ; SOMA[5]     ; 6.539 ; 6.539 ; 6.539 ; 6.539 ;
; A[1]       ; SOMA[6]     ; 6.818 ; 6.818 ; 6.818 ; 6.818 ;
; A[1]       ; SOMA[7]     ; 7.182 ; 7.182 ; 7.182 ; 7.182 ;
; A[2]       ; COUT        ; 6.750 ; 6.750 ; 6.750 ; 6.750 ;
; A[2]       ; SOMA[2]     ; 5.649 ; 5.649 ; 5.649 ; 5.649 ;
; A[2]       ; SOMA[3]     ; 5.593 ; 5.593 ; 5.593 ; 5.593 ;
; A[2]       ; SOMA[4]     ; 5.865 ; 5.865 ; 5.865 ; 5.865 ;
; A[2]       ; SOMA[5]     ; 6.436 ; 6.436 ; 6.436 ; 6.436 ;
; A[2]       ; SOMA[6]     ; 6.715 ; 6.715 ; 6.715 ; 6.715 ;
; A[2]       ; SOMA[7]     ; 7.079 ; 7.079 ; 7.079 ; 7.079 ;
; A[3]       ; COUT        ; 6.654 ; 6.654 ; 6.654 ; 6.654 ;
; A[3]       ; SOMA[3]     ; 5.493 ; 5.493 ; 5.493 ; 5.493 ;
; A[3]       ; SOMA[4]     ; 5.769 ; 5.769 ; 5.769 ; 5.769 ;
; A[3]       ; SOMA[5]     ; 6.340 ; 6.340 ; 6.340 ; 6.340 ;
; A[3]       ; SOMA[6]     ; 6.619 ; 6.619 ; 6.619 ; 6.619 ;
; A[3]       ; SOMA[7]     ; 6.983 ; 6.983 ; 6.983 ; 6.983 ;
; A[4]       ; COUT        ; 6.333 ; 6.333 ; 6.333 ; 6.333 ;
; A[4]       ; SOMA[4]     ; 5.556 ; 5.556 ; 5.556 ; 5.556 ;
; A[4]       ; SOMA[5]     ; 6.019 ; 6.019 ; 6.019 ; 6.019 ;
; A[4]       ; SOMA[6]     ; 6.298 ; 6.298 ; 6.298 ; 6.298 ;
; A[4]       ; SOMA[7]     ; 6.662 ; 6.662 ; 6.662 ; 6.662 ;
; A[6]       ; COUT        ; 5.650 ; 5.650 ; 5.650 ; 5.650 ;
; A[6]       ; SOMA[6]     ; 5.689 ; 5.689 ; 5.689 ; 5.689 ;
; A[6]       ; SOMA[7]     ; 5.979 ; 5.979 ; 5.979 ; 5.979 ;
; A[7]       ; COUT        ; 3.647 ; 3.647 ; 3.647 ; 3.647 ;
; A[7]       ; SOMA[7]     ; 3.978 ; 3.978 ; 3.978 ; 3.978 ;
; B[0]       ; COUT        ; 7.378 ;       ;       ; 7.378 ;
; B[0]       ; SOMA[0]     ; 5.527 ; 5.527 ; 5.527 ; 5.527 ;
; B[0]       ; SOMA[1]     ; 5.891 ; 5.891 ; 5.891 ; 5.891 ;
; B[0]       ; SOMA[2]     ; 6.280 ; 6.280 ; 6.280 ; 6.280 ;
; B[0]       ; SOMA[3]     ; 6.221 ; 6.221 ; 6.221 ; 6.221 ;
; B[0]       ; SOMA[4]     ; 6.493 ; 6.493 ; 6.493 ; 6.493 ;
; B[0]       ; SOMA[5]     ; 7.064 ; 7.064 ; 7.064 ; 7.064 ;
; B[0]       ; SOMA[6]     ; 7.343 ; 7.343 ; 7.343 ; 7.343 ;
; B[0]       ; SOMA[7]     ; 7.707 ; 7.707 ; 7.707 ; 7.707 ;
; B[1]       ; COUT        ; 6.904 ;       ;       ; 6.904 ;
; B[1]       ; SOMA[1]     ; 5.328 ; 5.328 ; 5.328 ; 5.328 ;
; B[1]       ; SOMA[2]     ; 5.806 ; 5.806 ; 5.806 ; 5.806 ;
; B[1]       ; SOMA[3]     ; 5.747 ; 5.747 ; 5.747 ; 5.747 ;
; B[1]       ; SOMA[4]     ; 6.019 ; 6.019 ; 6.019 ; 6.019 ;
; B[1]       ; SOMA[5]     ; 6.590 ; 6.590 ; 6.590 ; 6.590 ;
; B[1]       ; SOMA[6]     ; 6.869 ; 6.869 ; 6.869 ; 6.869 ;
; B[1]       ; SOMA[7]     ; 7.233 ; 7.233 ; 7.233 ; 7.233 ;
; B[2]       ; COUT        ; 6.914 ;       ;       ; 6.914 ;
; B[2]       ; SOMA[2]     ; 5.543 ; 5.543 ; 5.543 ; 5.543 ;
; B[2]       ; SOMA[3]     ; 5.757 ; 5.757 ; 5.757 ; 5.757 ;
; B[2]       ; SOMA[4]     ; 6.029 ; 6.029 ; 6.029 ; 6.029 ;
; B[2]       ; SOMA[5]     ; 6.600 ; 6.600 ; 6.600 ; 6.600 ;
; B[2]       ; SOMA[6]     ; 6.879 ; 6.879 ; 6.879 ; 6.879 ;
; B[2]       ; SOMA[7]     ; 7.243 ; 7.243 ; 7.243 ; 7.243 ;
; B[3]       ; COUT        ; 6.653 ;       ;       ; 6.653 ;
; B[3]       ; SOMA[3]     ; 5.267 ; 5.267 ; 5.267 ; 5.267 ;
; B[3]       ; SOMA[4]     ; 5.768 ; 5.768 ; 5.768 ; 5.768 ;
; B[3]       ; SOMA[5]     ; 6.339 ; 6.339 ; 6.339 ; 6.339 ;
; B[3]       ; SOMA[6]     ; 6.618 ; 6.618 ; 6.618 ; 6.618 ;
; B[3]       ; SOMA[7]     ; 6.982 ; 6.982 ; 6.982 ; 6.982 ;
; B[4]       ; COUT        ; 6.143 ;       ;       ; 6.143 ;
; B[4]       ; SOMA[4]     ; 5.097 ; 5.097 ; 5.097 ; 5.097 ;
; B[4]       ; SOMA[5]     ; 5.829 ; 5.829 ; 5.829 ; 5.829 ;
; B[4]       ; SOMA[6]     ; 6.108 ; 6.108 ; 6.108 ; 6.108 ;
; B[4]       ; SOMA[7]     ; 6.472 ; 6.472 ; 6.472 ; 6.472 ;
; B[5]       ; COUT        ; 6.161 ; 6.161 ; 6.161 ; 6.161 ;
; B[5]       ; SOMA[5]     ; 5.849 ; 5.849 ; 5.849 ; 5.849 ;
; B[5]       ; SOMA[6]     ; 6.126 ; 6.126 ; 6.126 ; 6.126 ;
; B[5]       ; SOMA[7]     ; 6.490 ; 6.490 ; 6.490 ; 6.490 ;
; B[6]       ; COUT        ; 5.594 ;       ;       ; 5.594 ;
; B[6]       ; SOMA[6]     ; 5.405 ; 5.405 ; 5.405 ; 5.405 ;
; B[6]       ; SOMA[7]     ; 5.923 ; 5.923 ; 5.923 ; 5.923 ;
; B[7]       ; COUT        ; 5.151 ;       ;       ; 5.151 ;
; B[7]       ; SOMA[7]     ; 5.307 ; 5.307 ; 5.307 ; 5.307 ;
; CIN        ; COUT        ; 6.971 ;       ;       ; 6.971 ;
; CIN        ; SOMA[0]     ; 5.343 ; 5.343 ; 5.343 ; 5.343 ;
; CIN        ; SOMA[1]     ; 5.484 ; 5.484 ; 5.484 ; 5.484 ;
; CIN        ; SOMA[2]     ; 5.873 ; 5.873 ; 5.873 ; 5.873 ;
; CIN        ; SOMA[3]     ; 5.814 ; 5.814 ; 5.814 ; 5.814 ;
; CIN        ; SOMA[4]     ; 6.086 ; 6.086 ; 6.086 ; 6.086 ;
; CIN        ; SOMA[5]     ; 6.657 ; 6.657 ; 6.657 ; 6.657 ;
; CIN        ; SOMA[6]     ; 6.936 ; 6.936 ; 6.936 ; 6.936 ;
; CIN        ; SOMA[7]     ; 7.300 ; 7.300 ; 7.300 ; 7.300 ;
; ENA        ; COUT        ; 7.334 ; 7.334 ; 7.334 ; 7.334 ;
; ENA        ; SOMA[0]     ; 5.642 ; 5.642 ; 5.642 ; 5.642 ;
; ENA        ; SOMA[1]     ; 5.847 ; 5.847 ; 5.847 ; 5.847 ;
; ENA        ; SOMA[2]     ; 6.236 ; 6.236 ; 6.236 ; 6.236 ;
; ENA        ; SOMA[3]     ; 6.177 ; 6.177 ; 6.177 ; 6.177 ;
; ENA        ; SOMA[4]     ; 6.449 ; 6.449 ; 6.449 ; 6.449 ;
; ENA        ; SOMA[5]     ; 7.020 ; 7.020 ; 7.020 ; 7.020 ;
; ENA        ; SOMA[6]     ; 7.299 ; 7.299 ; 7.299 ; 7.299 ;
; ENA        ; SOMA[7]     ; 7.663 ; 7.663 ; 7.663 ; 7.663 ;
; ENB        ; COUT        ; 7.465 ;       ;       ; 7.465 ;
; ENB        ; SOMA[0]     ; 5.614 ; 5.614 ; 5.614 ; 5.614 ;
; ENB        ; SOMA[1]     ; 5.978 ; 5.978 ; 5.978 ; 5.978 ;
; ENB        ; SOMA[2]     ; 6.367 ; 6.367 ; 6.367 ; 6.367 ;
; ENB        ; SOMA[3]     ; 6.308 ; 6.308 ; 6.308 ; 6.308 ;
; ENB        ; SOMA[4]     ; 6.580 ; 6.580 ; 6.580 ; 6.580 ;
; ENB        ; SOMA[5]     ; 7.151 ; 7.151 ; 7.151 ; 7.151 ;
; ENB        ; SOMA[6]     ; 7.430 ; 7.430 ; 7.430 ; 7.430 ;
; ENB        ; SOMA[7]     ; 7.794 ; 7.794 ; 7.794 ; 7.794 ;
; F0         ; SOMA[0]     ; 5.429 ; 5.429 ; 5.429 ; 5.429 ;
; F0         ; SOMA[1]     ; 5.504 ; 5.504 ; 5.504 ; 5.504 ;
; F0         ; SOMA[2]     ; 5.574 ; 5.574 ; 5.574 ; 5.574 ;
; F0         ; SOMA[3]     ; 5.352 ; 5.352 ; 5.352 ; 5.352 ;
; F0         ; SOMA[4]     ; 5.467 ; 5.467 ; 5.467 ; 5.467 ;
; F0         ; SOMA[5]     ; 5.255 ; 5.255 ; 5.255 ; 5.255 ;
; F0         ; SOMA[6]     ; 5.257 ; 5.257 ; 5.257 ; 5.257 ;
; F0         ; SOMA[7]     ; 5.348 ; 5.348 ; 5.348 ; 5.348 ;
; F1         ; SOMA[0]     ; 5.413 ; 5.413 ; 5.413 ; 5.413 ;
; F1         ; SOMA[1]     ; 5.411 ; 5.411 ; 5.411 ; 5.411 ;
; F1         ; SOMA[2]     ; 5.310 ; 5.310 ; 5.310 ; 5.310 ;
; F1         ; SOMA[3]     ; 5.274 ; 5.274 ; 5.274 ; 5.274 ;
; F1         ; SOMA[4]     ; 5.195 ; 5.195 ; 5.195 ; 5.195 ;
; F1         ; SOMA[5]     ; 5.304 ; 5.304 ; 5.304 ; 5.304 ;
; F1         ; SOMA[6]     ; 5.306 ; 5.306 ; 5.306 ; 5.306 ;
; F1         ; SOMA[7]     ; 5.388 ; 5.388 ; 5.388 ; 5.388 ;
; INVA       ; COUT        ; 7.315 ; 7.315 ; 7.315 ; 7.315 ;
; INVA       ; SOMA[0]     ; 5.622 ; 5.622 ; 5.622 ; 5.622 ;
; INVA       ; SOMA[1]     ; 5.828 ; 5.828 ; 5.828 ; 5.828 ;
; INVA       ; SOMA[2]     ; 6.217 ; 6.217 ; 6.217 ; 6.217 ;
; INVA       ; SOMA[3]     ; 6.158 ; 6.158 ; 6.158 ; 6.158 ;
; INVA       ; SOMA[4]     ; 6.430 ; 6.430 ; 6.430 ; 6.430 ;
; INVA       ; SOMA[5]     ; 7.001 ; 7.001 ; 7.001 ; 7.001 ;
; INVA       ; SOMA[6]     ; 7.280 ; 7.280 ; 7.280 ; 7.280 ;
; INVA       ; SOMA[7]     ; 7.644 ; 7.644 ; 7.644 ; 7.644 ;
+------------+-------------+-------+-------+-------+-------+


+----------------------------------------------------------+
; Minimum Propagation Delay                                ;
+------------+-------------+-------+-------+-------+-------+
; Input Port ; Output Port ; RR    ; RF    ; FR    ; FF    ;
+------------+-------------+-------+-------+-------+-------+
; A[0]       ; COUT        ; 7.268 ; 7.268 ; 7.268 ; 7.268 ;
; A[0]       ; SOMA[0]     ; 5.576 ; 5.576 ; 5.576 ; 5.576 ;
; A[0]       ; SOMA[1]     ; 5.781 ; 5.781 ; 5.781 ; 5.781 ;
; A[0]       ; SOMA[2]     ; 6.170 ; 6.170 ; 6.170 ; 6.170 ;
; A[0]       ; SOMA[3]     ; 6.111 ; 6.111 ; 6.111 ; 6.111 ;
; A[0]       ; SOMA[4]     ; 6.383 ; 6.383 ; 6.383 ; 6.383 ;
; A[0]       ; SOMA[5]     ; 6.954 ; 6.954 ; 6.954 ; 6.954 ;
; A[0]       ; SOMA[6]     ; 7.233 ; 7.233 ; 7.233 ; 7.233 ;
; A[0]       ; SOMA[7]     ; 7.597 ; 7.597 ; 7.597 ; 7.597 ;
; A[1]       ; COUT        ; 6.853 ; 6.853 ; 6.853 ; 6.853 ;
; A[1]       ; SOMA[1]     ; 5.512 ; 5.512 ; 5.512 ; 5.512 ;
; A[1]       ; SOMA[2]     ; 5.755 ; 5.755 ; 5.755 ; 5.755 ;
; A[1]       ; SOMA[3]     ; 5.696 ; 5.696 ; 5.696 ; 5.696 ;
; A[1]       ; SOMA[4]     ; 5.968 ; 5.968 ; 5.968 ; 5.968 ;
; A[1]       ; SOMA[5]     ; 6.539 ; 6.539 ; 6.539 ; 6.539 ;
; A[1]       ; SOMA[6]     ; 6.818 ; 6.818 ; 6.818 ; 6.818 ;
; A[1]       ; SOMA[7]     ; 7.182 ; 7.182 ; 7.182 ; 7.182 ;
; A[2]       ; COUT        ; 6.750 ; 6.750 ; 6.750 ; 6.750 ;
; A[2]       ; SOMA[2]     ; 5.649 ; 5.649 ; 5.649 ; 5.649 ;
; A[2]       ; SOMA[3]     ; 5.593 ; 5.593 ; 5.593 ; 5.593 ;
; A[2]       ; SOMA[4]     ; 5.865 ; 5.865 ; 5.865 ; 5.865 ;
; A[2]       ; SOMA[5]     ; 6.436 ; 6.436 ; 6.436 ; 6.436 ;
; A[2]       ; SOMA[6]     ; 6.715 ; 6.715 ; 6.715 ; 6.715 ;
; A[2]       ; SOMA[7]     ; 7.079 ; 7.079 ; 7.079 ; 7.079 ;
; A[3]       ; COUT        ; 6.654 ; 6.654 ; 6.654 ; 6.654 ;
; A[3]       ; SOMA[3]     ; 5.493 ; 5.493 ; 5.493 ; 5.493 ;
; A[3]       ; SOMA[4]     ; 5.769 ; 5.769 ; 5.769 ; 5.769 ;
; A[3]       ; SOMA[5]     ; 6.340 ; 6.340 ; 6.340 ; 6.340 ;
; A[3]       ; SOMA[6]     ; 6.619 ; 6.619 ; 6.619 ; 6.619 ;
; A[3]       ; SOMA[7]     ; 6.983 ; 6.983 ; 6.983 ; 6.983 ;
; A[4]       ; COUT        ; 6.333 ; 6.333 ; 6.333 ; 6.333 ;
; A[4]       ; SOMA[4]     ; 5.556 ; 5.556 ; 5.556 ; 5.556 ;
; A[4]       ; SOMA[5]     ; 6.019 ; 6.019 ; 6.019 ; 6.019 ;
; A[4]       ; SOMA[6]     ; 6.298 ; 6.298 ; 6.298 ; 6.298 ;
; A[4]       ; SOMA[7]     ; 6.662 ; 6.662 ; 6.662 ; 6.662 ;
; A[6]       ; COUT        ; 5.650 ; 5.650 ; 5.650 ; 5.650 ;
; A[6]       ; SOMA[6]     ; 5.689 ; 5.689 ; 5.689 ; 5.689 ;
; A[6]       ; SOMA[7]     ; 5.979 ; 5.979 ; 5.979 ; 5.979 ;
; A[7]       ; COUT        ; 3.647 ; 3.647 ; 3.647 ; 3.647 ;
; A[7]       ; SOMA[7]     ; 3.978 ; 3.978 ; 3.978 ; 3.978 ;
; B[0]       ; COUT        ; 7.378 ;       ;       ; 7.378 ;
; B[0]       ; SOMA[0]     ; 5.527 ; 5.527 ; 5.527 ; 5.527 ;
; B[0]       ; SOMA[1]     ; 5.891 ; 5.891 ; 5.891 ; 5.891 ;
; B[0]       ; SOMA[2]     ; 6.280 ; 6.280 ; 6.280 ; 6.280 ;
; B[0]       ; SOMA[3]     ; 6.221 ; 6.221 ; 6.221 ; 6.221 ;
; B[0]       ; SOMA[4]     ; 6.493 ; 6.493 ; 6.493 ; 6.493 ;
; B[0]       ; SOMA[5]     ; 7.064 ; 7.064 ; 7.064 ; 7.064 ;
; B[0]       ; SOMA[6]     ; 7.343 ; 7.343 ; 7.343 ; 7.343 ;
; B[0]       ; SOMA[7]     ; 7.707 ; 7.707 ; 7.707 ; 7.707 ;
; B[1]       ; COUT        ; 6.904 ;       ;       ; 6.904 ;
; B[1]       ; SOMA[1]     ; 5.328 ; 5.328 ; 5.328 ; 5.328 ;
; B[1]       ; SOMA[2]     ; 5.806 ; 5.806 ; 5.806 ; 5.806 ;
; B[1]       ; SOMA[3]     ; 5.747 ; 5.747 ; 5.747 ; 5.747 ;
; B[1]       ; SOMA[4]     ; 6.019 ; 6.019 ; 6.019 ; 6.019 ;
; B[1]       ; SOMA[5]     ; 6.590 ; 6.590 ; 6.590 ; 6.590 ;
; B[1]       ; SOMA[6]     ; 6.869 ; 6.869 ; 6.869 ; 6.869 ;
; B[1]       ; SOMA[7]     ; 7.233 ; 7.233 ; 7.233 ; 7.233 ;
; B[2]       ; COUT        ; 6.914 ;       ;       ; 6.914 ;
; B[2]       ; SOMA[2]     ; 5.543 ; 5.543 ; 5.543 ; 5.543 ;
; B[2]       ; SOMA[3]     ; 5.757 ; 5.757 ; 5.757 ; 5.757 ;
; B[2]       ; SOMA[4]     ; 6.029 ; 6.029 ; 6.029 ; 6.029 ;
; B[2]       ; SOMA[5]     ; 6.600 ; 6.600 ; 6.600 ; 6.600 ;
; B[2]       ; SOMA[6]     ; 6.879 ; 6.879 ; 6.879 ; 6.879 ;
; B[2]       ; SOMA[7]     ; 7.243 ; 7.243 ; 7.243 ; 7.243 ;
; B[3]       ; COUT        ; 6.653 ;       ;       ; 6.653 ;
; B[3]       ; SOMA[3]     ; 5.267 ; 5.267 ; 5.267 ; 5.267 ;
; B[3]       ; SOMA[4]     ; 5.768 ; 5.768 ; 5.768 ; 5.768 ;
; B[3]       ; SOMA[5]     ; 6.339 ; 6.339 ; 6.339 ; 6.339 ;
; B[3]       ; SOMA[6]     ; 6.618 ; 6.618 ; 6.618 ; 6.618 ;
; B[3]       ; SOMA[7]     ; 6.982 ; 6.982 ; 6.982 ; 6.982 ;
; B[4]       ; COUT        ; 6.143 ;       ;       ; 6.143 ;
; B[4]       ; SOMA[4]     ; 5.097 ; 5.097 ; 5.097 ; 5.097 ;
; B[4]       ; SOMA[5]     ; 5.829 ; 5.829 ; 5.829 ; 5.829 ;
; B[4]       ; SOMA[6]     ; 6.108 ; 6.108 ; 6.108 ; 6.108 ;
; B[4]       ; SOMA[7]     ; 6.472 ; 6.472 ; 6.472 ; 6.472 ;
; B[5]       ; COUT        ; 6.058 ; 6.161 ; 6.161 ; 6.058 ;
; B[5]       ; SOMA[5]     ; 5.679 ; 5.679 ; 5.679 ; 5.679 ;
; B[5]       ; SOMA[6]     ; 6.023 ; 6.023 ; 6.023 ; 6.023 ;
; B[5]       ; SOMA[7]     ; 6.387 ; 6.387 ; 6.387 ; 6.387 ;
; B[6]       ; COUT        ; 5.594 ;       ;       ; 5.594 ;
; B[6]       ; SOMA[6]     ; 5.405 ; 5.405 ; 5.405 ; 5.405 ;
; B[6]       ; SOMA[7]     ; 5.923 ; 5.923 ; 5.923 ; 5.923 ;
; B[7]       ; COUT        ; 5.151 ;       ;       ; 5.151 ;
; B[7]       ; SOMA[7]     ; 5.307 ; 5.307 ; 5.307 ; 5.307 ;
; CIN        ; COUT        ; 6.971 ;       ;       ; 6.971 ;
; CIN        ; SOMA[0]     ; 5.343 ; 5.343 ; 5.343 ; 5.343 ;
; CIN        ; SOMA[1]     ; 5.484 ; 5.484 ; 5.484 ; 5.484 ;
; CIN        ; SOMA[2]     ; 5.873 ; 5.873 ; 5.873 ; 5.873 ;
; CIN        ; SOMA[3]     ; 5.814 ; 5.814 ; 5.814 ; 5.814 ;
; CIN        ; SOMA[4]     ; 6.086 ; 6.086 ; 6.086 ; 6.086 ;
; CIN        ; SOMA[5]     ; 6.657 ; 6.657 ; 6.657 ; 6.657 ;
; CIN        ; SOMA[6]     ; 6.936 ; 6.936 ; 6.936 ; 6.936 ;
; CIN        ; SOMA[7]     ; 7.300 ; 7.300 ; 7.300 ; 7.300 ;
; ENA        ; COUT        ; 5.284 ; 5.284 ; 5.284 ; 5.284 ;
; ENA        ; SOMA[0]     ; 5.642 ; 5.642 ; 5.642 ; 5.642 ;
; ENA        ; SOMA[1]     ; 5.755 ; 5.755 ; 5.755 ; 5.755 ;
; ENA        ; SOMA[2]     ; 5.759 ; 5.759 ; 5.759 ; 5.759 ;
; ENA        ; SOMA[3]     ; 5.537 ; 5.537 ; 5.537 ; 5.537 ;
; ENA        ; SOMA[4]     ; 5.650 ; 5.650 ; 5.650 ; 5.650 ;
; ENA        ; SOMA[5]     ; 5.507 ; 5.507 ; 5.507 ; 5.507 ;
; ENA        ; SOMA[6]     ; 5.526 ; 5.526 ; 5.526 ; 5.526 ;
; ENA        ; SOMA[7]     ; 5.615 ; 5.615 ; 5.615 ; 5.615 ;
; ENB        ; COUT        ; 5.303 ;       ;       ; 5.303 ;
; ENB        ; SOMA[0]     ; 5.614 ; 5.614 ; 5.614 ; 5.614 ;
; ENB        ; SOMA[1]     ; 5.611 ; 5.611 ; 5.611 ; 5.611 ;
; ENB        ; SOMA[2]     ; 5.519 ; 5.519 ; 5.519 ; 5.519 ;
; ENB        ; SOMA[3]     ; 5.332 ; 5.332 ; 5.332 ; 5.332 ;
; ENB        ; SOMA[4]     ; 5.289 ; 5.289 ; 5.289 ; 5.289 ;
; ENB        ; SOMA[5]     ; 5.350 ; 5.350 ; 5.350 ; 5.350 ;
; ENB        ; SOMA[6]     ; 5.257 ; 5.257 ; 5.257 ; 5.257 ;
; ENB        ; SOMA[7]     ; 5.459 ; 5.459 ; 5.459 ; 5.459 ;
; F0         ; SOMA[0]     ; 5.268 ; 5.268 ; 5.268 ; 5.268 ;
; F0         ; SOMA[1]     ; 5.266 ; 5.266 ; 5.266 ; 5.266 ;
; F0         ; SOMA[2]     ; 5.193 ; 5.193 ; 5.193 ; 5.193 ;
; F0         ; SOMA[3]     ; 5.192 ; 5.192 ; 5.192 ; 5.192 ;
; F0         ; SOMA[4]     ; 5.188 ; 5.188 ; 5.188 ; 5.188 ;
; F0         ; SOMA[5]     ; 4.985 ; 4.985 ; 4.985 ; 4.985 ;
; F0         ; SOMA[6]     ; 4.987 ; 4.987 ; 4.987 ; 4.987 ;
; F0         ; SOMA[7]     ; 5.068 ; 5.068 ; 5.068 ; 5.068 ;
; F1         ; SOMA[0]     ; 5.413 ; 5.413 ; 5.413 ; 5.413 ;
; F1         ; SOMA[1]     ; 5.411 ; 5.411 ; 5.411 ; 5.411 ;
; F1         ; SOMA[2]     ; 5.310 ; 5.310 ; 5.310 ; 5.310 ;
; F1         ; SOMA[3]     ; 5.274 ; 5.274 ; 5.274 ; 5.274 ;
; F1         ; SOMA[4]     ; 5.195 ; 5.195 ; 5.195 ; 5.195 ;
; F1         ; SOMA[5]     ; 5.304 ; 5.304 ; 5.304 ; 5.304 ;
; F1         ; SOMA[6]     ; 5.306 ; 5.306 ; 5.306 ; 5.306 ;
; F1         ; SOMA[7]     ; 5.388 ; 5.388 ; 5.388 ; 5.388 ;
; INVA       ; COUT        ; 5.085 ; 5.085 ; 5.085 ; 5.085 ;
; INVA       ; SOMA[0]     ; 5.622 ; 5.622 ; 5.622 ; 5.622 ;
; INVA       ; SOMA[1]     ; 5.501 ; 5.501 ; 5.501 ; 5.501 ;
; INVA       ; SOMA[2]     ; 5.599 ; 5.599 ; 5.599 ; 5.599 ;
; INVA       ; SOMA[3]     ; 5.377 ; 5.377 ; 5.377 ; 5.377 ;
; INVA       ; SOMA[4]     ; 5.486 ; 5.486 ; 5.486 ; 5.486 ;
; INVA       ; SOMA[5]     ; 5.324 ; 5.324 ; 5.324 ; 5.324 ;
; INVA       ; SOMA[6]     ; 5.328 ; 5.328 ; 5.328 ; 5.328 ;
; INVA       ; SOMA[7]     ; 5.419 ; 5.419 ; 5.419 ; 5.419 ;
+------------+-------------+-------+-------+-------+-------+


+----------------------------------------------------------------------------+
; Multicorner Timing Analysis Summary                                        ;
+------------------+-------+------+----------+---------+---------------------+
; Clock            ; Setup ; Hold ; Recovery ; Removal ; Minimum Pulse Width ;
+------------------+-------+------+----------+---------+---------------------+
; Worst-case Slack ; N/A   ; N/A  ; N/A      ; N/A     ; N/A                 ;
; Design-wide TNS  ; 0.0   ; 0.0  ; 0.0      ; 0.0     ; 0.0                 ;
+------------------+-------+------+----------+---------+---------------------+


+--------------------------------------------------------------+
; Progagation Delay                                            ;
+------------+-------------+--------+--------+--------+--------+
; Input Port ; Output Port ; RR     ; RF     ; FR     ; FF     ;
+------------+-------------+--------+--------+--------+--------+
; A[0]       ; COUT        ; 19.714 ; 19.714 ; 19.714 ; 19.714 ;
; A[0]       ; SOMA[0]     ; 13.454 ; 13.454 ; 13.454 ; 13.454 ;
; A[0]       ; SOMA[1]     ; 14.199 ; 14.199 ; 14.199 ; 14.199 ;
; A[0]       ; SOMA[2]     ; 15.521 ; 15.521 ; 15.521 ; 15.521 ;
; A[0]       ; SOMA[3]     ; 15.295 ; 15.295 ; 15.295 ; 15.295 ;
; A[0]       ; SOMA[4]     ; 16.298 ; 16.298 ; 16.298 ; 16.298 ;
; A[0]       ; SOMA[5]     ; 18.416 ; 18.416 ; 18.416 ; 18.416 ;
; A[0]       ; SOMA[6]     ; 19.427 ; 19.427 ; 19.427 ; 19.427 ;
; A[0]       ; SOMA[7]     ; 20.808 ; 20.808 ; 20.808 ; 20.808 ;
; A[1]       ; COUT        ; 18.140 ; 18.140 ; 18.140 ; 18.140 ;
; A[1]       ; SOMA[1]     ; 13.182 ; 13.182 ; 13.182 ; 13.182 ;
; A[1]       ; SOMA[2]     ; 13.947 ; 13.947 ; 13.947 ; 13.947 ;
; A[1]       ; SOMA[3]     ; 13.721 ; 13.721 ; 13.721 ; 13.721 ;
; A[1]       ; SOMA[4]     ; 14.724 ; 14.724 ; 14.724 ; 14.724 ;
; A[1]       ; SOMA[5]     ; 16.842 ; 16.842 ; 16.842 ; 16.842 ;
; A[1]       ; SOMA[6]     ; 17.853 ; 17.853 ; 17.853 ; 17.853 ;
; A[1]       ; SOMA[7]     ; 19.234 ; 19.234 ; 19.234 ; 19.234 ;
; A[2]       ; COUT        ; 17.668 ; 17.668 ; 17.668 ; 17.668 ;
; A[2]       ; SOMA[2]     ; 13.471 ; 13.471 ; 13.471 ; 13.471 ;
; A[2]       ; SOMA[3]     ; 13.249 ; 13.249 ; 13.249 ; 13.249 ;
; A[2]       ; SOMA[4]     ; 14.252 ; 14.252 ; 14.252 ; 14.252 ;
; A[2]       ; SOMA[5]     ; 16.370 ; 16.370 ; 16.370 ; 16.370 ;
; A[2]       ; SOMA[6]     ; 17.381 ; 17.381 ; 17.381 ; 17.381 ;
; A[2]       ; SOMA[7]     ; 18.762 ; 18.762 ; 18.762 ; 18.762 ;
; A[3]       ; COUT        ; 17.254 ; 17.254 ; 17.254 ; 17.254 ;
; A[3]       ; SOMA[3]     ; 12.832 ; 12.832 ; 12.832 ; 12.832 ;
; A[3]       ; SOMA[4]     ; 13.838 ; 13.838 ; 13.838 ; 13.838 ;
; A[3]       ; SOMA[5]     ; 15.956 ; 15.956 ; 15.956 ; 15.956 ;
; A[3]       ; SOMA[6]     ; 16.967 ; 16.967 ; 16.967 ; 16.967 ;
; A[3]       ; SOMA[7]     ; 18.348 ; 18.348 ; 18.348 ; 18.348 ;
; A[4]       ; COUT        ; 16.115 ; 16.115 ; 16.115 ; 16.115 ;
; A[4]       ; SOMA[4]     ; 13.119 ; 13.119 ; 13.119 ; 13.119 ;
; A[4]       ; SOMA[5]     ; 14.817 ; 14.817 ; 14.817 ; 14.817 ;
; A[4]       ; SOMA[6]     ; 15.828 ; 15.828 ; 15.828 ; 15.828 ;
; A[4]       ; SOMA[7]     ; 17.209 ; 17.209 ; 17.209 ; 17.209 ;
; A[6]       ; COUT        ; 13.536 ; 13.536 ; 13.536 ; 13.536 ;
; A[6]       ; SOMA[6]     ; 13.545 ; 13.545 ; 13.545 ; 13.545 ;
; A[6]       ; SOMA[7]     ; 14.630 ; 14.630 ; 14.630 ; 14.630 ;
; A[7]       ; COUT        ; 9.856  ; 9.856  ; 9.856  ; 9.856  ;
; A[7]       ; SOMA[7]     ; 10.955 ; 10.955 ; 10.955 ; 10.955 ;
; B[0]       ; COUT        ; 20.141 ;        ;        ; 20.141 ;
; B[0]       ; SOMA[0]     ; 13.308 ; 13.308 ; 13.308 ; 13.308 ;
; B[0]       ; SOMA[1]     ; 14.626 ; 14.626 ; 14.626 ; 14.626 ;
; B[0]       ; SOMA[2]     ; 15.948 ; 15.948 ; 15.948 ; 15.948 ;
; B[0]       ; SOMA[3]     ; 15.722 ; 15.722 ; 15.722 ; 15.722 ;
; B[0]       ; SOMA[4]     ; 16.725 ; 16.725 ; 16.725 ; 16.725 ;
; B[0]       ; SOMA[5]     ; 18.843 ; 18.843 ; 18.843 ; 18.843 ;
; B[0]       ; SOMA[6]     ; 19.854 ; 19.854 ; 19.854 ; 19.854 ;
; B[0]       ; SOMA[7]     ; 21.235 ; 21.235 ; 21.235 ; 21.235 ;
; B[1]       ; COUT        ; 18.384 ;        ;        ; 18.384 ;
; B[1]       ; SOMA[1]     ; 12.594 ; 12.594 ; 12.594 ; 12.594 ;
; B[1]       ; SOMA[2]     ; 14.191 ; 14.191 ; 14.191 ; 14.191 ;
; B[1]       ; SOMA[3]     ; 13.965 ; 13.965 ; 13.965 ; 13.965 ;
; B[1]       ; SOMA[4]     ; 14.968 ; 14.968 ; 14.968 ; 14.968 ;
; B[1]       ; SOMA[5]     ; 17.086 ; 17.086 ; 17.086 ; 17.086 ;
; B[1]       ; SOMA[6]     ; 18.097 ; 18.097 ; 18.097 ; 18.097 ;
; B[1]       ; SOMA[7]     ; 19.478 ; 19.478 ; 19.478 ; 19.478 ;
; B[2]       ; COUT        ; 18.318 ;        ;        ; 18.318 ;
; B[2]       ; SOMA[2]     ; 13.125 ; 13.125 ; 13.125 ; 13.125 ;
; B[2]       ; SOMA[3]     ; 13.899 ; 13.899 ; 13.899 ; 13.899 ;
; B[2]       ; SOMA[4]     ; 14.902 ; 14.902 ; 14.902 ; 14.902 ;
; B[2]       ; SOMA[5]     ; 17.020 ; 17.020 ; 17.020 ; 17.020 ;
; B[2]       ; SOMA[6]     ; 18.031 ; 18.031 ; 18.031 ; 18.031 ;
; B[2]       ; SOMA[7]     ; 19.412 ; 19.412 ; 19.412 ; 19.412 ;
; B[3]       ; COUT        ; 17.414 ;        ;        ; 17.414 ;
; B[3]       ; SOMA[3]     ; 12.167 ; 12.167 ; 12.167 ; 12.167 ;
; B[3]       ; SOMA[4]     ; 13.998 ; 13.998 ; 13.998 ; 13.998 ;
; B[3]       ; SOMA[5]     ; 16.116 ; 16.116 ; 16.116 ; 16.116 ;
; B[3]       ; SOMA[6]     ; 17.127 ; 17.127 ; 17.127 ; 17.127 ;
; B[3]       ; SOMA[7]     ; 18.508 ; 18.508 ; 18.508 ; 18.508 ;
; B[4]       ; COUT        ; 15.524 ;        ;        ; 15.524 ;
; B[4]       ; SOMA[4]     ; 11.530 ; 11.530 ; 11.530 ; 11.530 ;
; B[4]       ; SOMA[5]     ; 14.226 ; 14.226 ; 14.226 ; 14.226 ;
; B[4]       ; SOMA[6]     ; 15.237 ; 15.237 ; 15.237 ; 15.237 ;
; B[4]       ; SOMA[7]     ; 16.618 ; 16.618 ; 16.618 ; 16.618 ;
; B[5]       ; COUT        ; 15.434 ; 15.434 ; 15.434 ; 15.434 ;
; B[5]       ; SOMA[5]     ; 14.137 ; 14.137 ; 14.137 ; 14.137 ;
; B[5]       ; SOMA[6]     ; 15.147 ; 15.147 ; 15.147 ; 15.147 ;
; B[5]       ; SOMA[7]     ; 16.528 ; 16.528 ; 16.528 ; 16.528 ;
; B[6]       ; COUT        ; 13.478 ;        ;        ; 13.478 ;
; B[6]       ; SOMA[6]     ; 12.665 ; 12.665 ; 12.665 ; 12.665 ;
; B[6]       ; SOMA[7]     ; 14.572 ; 14.572 ; 14.572 ; 14.572 ;
; B[7]       ; COUT        ; 11.834 ;        ;        ; 11.834 ;
; B[7]       ; SOMA[7]     ; 12.304 ; 12.304 ; 12.304 ; 12.304 ;
; CIN        ; COUT        ; 18.614 ;        ;        ; 18.614 ;
; CIN        ; SOMA[0]     ; 12.603 ; 12.603 ; 12.603 ; 12.603 ;
; CIN        ; SOMA[1]     ; 13.099 ; 13.099 ; 13.099 ; 13.099 ;
; CIN        ; SOMA[2]     ; 14.421 ; 14.421 ; 14.421 ; 14.421 ;
; CIN        ; SOMA[3]     ; 14.195 ; 14.195 ; 14.195 ; 14.195 ;
; CIN        ; SOMA[4]     ; 15.198 ; 15.198 ; 15.198 ; 15.198 ;
; CIN        ; SOMA[5]     ; 17.316 ; 17.316 ; 17.316 ; 17.316 ;
; CIN        ; SOMA[6]     ; 18.327 ; 18.327 ; 18.327 ; 18.327 ;
; CIN        ; SOMA[7]     ; 19.708 ; 19.708 ; 19.708 ; 19.708 ;
; ENA        ; COUT        ; 19.809 ; 19.809 ; 19.809 ; 19.809 ;
; ENA        ; SOMA[0]     ; 13.549 ; 13.549 ; 13.549 ; 13.549 ;
; ENA        ; SOMA[1]     ; 14.294 ; 14.294 ; 14.294 ; 14.294 ;
; ENA        ; SOMA[2]     ; 15.616 ; 15.616 ; 15.616 ; 15.616 ;
; ENA        ; SOMA[3]     ; 15.390 ; 15.390 ; 15.390 ; 15.390 ;
; ENA        ; SOMA[4]     ; 16.393 ; 16.393 ; 16.393 ; 16.393 ;
; ENA        ; SOMA[5]     ; 18.511 ; 18.511 ; 18.511 ; 18.511 ;
; ENA        ; SOMA[6]     ; 19.522 ; 19.522 ; 19.522 ; 19.522 ;
; ENA        ; SOMA[7]     ; 20.903 ; 20.903 ; 20.903 ; 20.903 ;
; ENB        ; COUT        ; 20.286 ;        ;        ; 20.286 ;
; ENB        ; SOMA[0]     ; 13.453 ; 13.453 ; 13.453 ; 13.453 ;
; ENB        ; SOMA[1]     ; 14.771 ; 14.771 ; 14.771 ; 14.771 ;
; ENB        ; SOMA[2]     ; 16.093 ; 16.093 ; 16.093 ; 16.093 ;
; ENB        ; SOMA[3]     ; 15.867 ; 15.867 ; 15.867 ; 15.867 ;
; ENB        ; SOMA[4]     ; 16.870 ; 16.870 ; 16.870 ; 16.870 ;
; ENB        ; SOMA[5]     ; 18.988 ; 18.988 ; 18.988 ; 18.988 ;
; ENB        ; SOMA[6]     ; 19.999 ; 19.999 ; 19.999 ; 19.999 ;
; ENB        ; SOMA[7]     ; 21.380 ; 21.380 ; 21.380 ; 21.380 ;
; F0         ; SOMA[0]     ; 12.716 ; 12.716 ; 12.716 ; 12.716 ;
; F0         ; SOMA[1]     ; 13.019 ; 13.019 ; 13.019 ; 13.019 ;
; F0         ; SOMA[2]     ; 13.187 ; 13.187 ; 13.187 ; 13.187 ;
; F0         ; SOMA[3]     ; 12.382 ; 12.382 ; 12.382 ; 12.382 ;
; F0         ; SOMA[4]     ; 12.815 ; 12.815 ; 12.815 ; 12.815 ;
; F0         ; SOMA[5]     ; 12.028 ; 12.028 ; 12.028 ; 12.028 ;
; F0         ; SOMA[6]     ; 12.032 ; 12.032 ; 12.032 ; 12.032 ;
; F0         ; SOMA[7]     ; 12.406 ; 12.406 ; 12.406 ; 12.406 ;
; F1         ; SOMA[0]     ; 12.829 ; 12.829 ; 12.829 ; 12.829 ;
; F1         ; SOMA[1]     ; 12.825 ; 12.825 ; 12.825 ; 12.825 ;
; F1         ; SOMA[2]     ; 12.256 ; 12.256 ; 12.256 ; 12.256 ;
; F1         ; SOMA[3]     ; 12.174 ; 12.174 ; 12.174 ; 12.174 ;
; F1         ; SOMA[4]     ; 11.871 ; 11.871 ; 11.871 ; 11.871 ;
; F1         ; SOMA[5]     ; 12.231 ; 12.231 ; 12.231 ; 12.231 ;
; F1         ; SOMA[6]     ; 12.235 ; 12.235 ; 12.235 ; 12.235 ;
; F1         ; SOMA[7]     ; 12.565 ; 12.565 ; 12.565 ; 12.565 ;
; INVA       ; COUT        ; 19.730 ; 19.730 ; 19.730 ; 19.730 ;
; INVA       ; SOMA[0]     ; 13.470 ; 13.470 ; 13.470 ; 13.470 ;
; INVA       ; SOMA[1]     ; 14.215 ; 14.215 ; 14.215 ; 14.215 ;
; INVA       ; SOMA[2]     ; 15.537 ; 15.537 ; 15.537 ; 15.537 ;
; INVA       ; SOMA[3]     ; 15.311 ; 15.311 ; 15.311 ; 15.311 ;
; INVA       ; SOMA[4]     ; 16.314 ; 16.314 ; 16.314 ; 16.314 ;
; INVA       ; SOMA[5]     ; 18.432 ; 18.432 ; 18.432 ; 18.432 ;
; INVA       ; SOMA[6]     ; 19.443 ; 19.443 ; 19.443 ; 19.443 ;
; INVA       ; SOMA[7]     ; 20.824 ; 20.824 ; 20.824 ; 20.824 ;
+------------+-------------+--------+--------+--------+--------+


+----------------------------------------------------------+
; Minimum Progagation Delay                                ;
+------------+-------------+-------+-------+-------+-------+
; Input Port ; Output Port ; RR    ; RF    ; FR    ; FF    ;
+------------+-------------+-------+-------+-------+-------+
; A[0]       ; COUT        ; 7.268 ; 7.268 ; 7.268 ; 7.268 ;
; A[0]       ; SOMA[0]     ; 5.576 ; 5.576 ; 5.576 ; 5.576 ;
; A[0]       ; SOMA[1]     ; 5.781 ; 5.781 ; 5.781 ; 5.781 ;
; A[0]       ; SOMA[2]     ; 6.170 ; 6.170 ; 6.170 ; 6.170 ;
; A[0]       ; SOMA[3]     ; 6.111 ; 6.111 ; 6.111 ; 6.111 ;
; A[0]       ; SOMA[4]     ; 6.383 ; 6.383 ; 6.383 ; 6.383 ;
; A[0]       ; SOMA[5]     ; 6.954 ; 6.954 ; 6.954 ; 6.954 ;
; A[0]       ; SOMA[6]     ; 7.233 ; 7.233 ; 7.233 ; 7.233 ;
; A[0]       ; SOMA[7]     ; 7.597 ; 7.597 ; 7.597 ; 7.597 ;
; A[1]       ; COUT        ; 6.853 ; 6.853 ; 6.853 ; 6.853 ;
; A[1]       ; SOMA[1]     ; 5.512 ; 5.512 ; 5.512 ; 5.512 ;
; A[1]       ; SOMA[2]     ; 5.755 ; 5.755 ; 5.755 ; 5.755 ;
; A[1]       ; SOMA[3]     ; 5.696 ; 5.696 ; 5.696 ; 5.696 ;
; A[1]       ; SOMA[4]     ; 5.968 ; 5.968 ; 5.968 ; 5.968 ;
; A[1]       ; SOMA[5]     ; 6.539 ; 6.539 ; 6.539 ; 6.539 ;
; A[1]       ; SOMA[6]     ; 6.818 ; 6.818 ; 6.818 ; 6.818 ;
; A[1]       ; SOMA[7]     ; 7.182 ; 7.182 ; 7.182 ; 7.182 ;
; A[2]       ; COUT        ; 6.750 ; 6.750 ; 6.750 ; 6.750 ;
; A[2]       ; SOMA[2]     ; 5.649 ; 5.649 ; 5.649 ; 5.649 ;
; A[2]       ; SOMA[3]     ; 5.593 ; 5.593 ; 5.593 ; 5.593 ;
; A[2]       ; SOMA[4]     ; 5.865 ; 5.865 ; 5.865 ; 5.865 ;
; A[2]       ; SOMA[5]     ; 6.436 ; 6.436 ; 6.436 ; 6.436 ;
; A[2]       ; SOMA[6]     ; 6.715 ; 6.715 ; 6.715 ; 6.715 ;
; A[2]       ; SOMA[7]     ; 7.079 ; 7.079 ; 7.079 ; 7.079 ;
; A[3]       ; COUT        ; 6.654 ; 6.654 ; 6.654 ; 6.654 ;
; A[3]       ; SOMA[3]     ; 5.493 ; 5.493 ; 5.493 ; 5.493 ;
; A[3]       ; SOMA[4]     ; 5.769 ; 5.769 ; 5.769 ; 5.769 ;
; A[3]       ; SOMA[5]     ; 6.340 ; 6.340 ; 6.340 ; 6.340 ;
; A[3]       ; SOMA[6]     ; 6.619 ; 6.619 ; 6.619 ; 6.619 ;
; A[3]       ; SOMA[7]     ; 6.983 ; 6.983 ; 6.983 ; 6.983 ;
; A[4]       ; COUT        ; 6.333 ; 6.333 ; 6.333 ; 6.333 ;
; A[4]       ; SOMA[4]     ; 5.556 ; 5.556 ; 5.556 ; 5.556 ;
; A[4]       ; SOMA[5]     ; 6.019 ; 6.019 ; 6.019 ; 6.019 ;
; A[4]       ; SOMA[6]     ; 6.298 ; 6.298 ; 6.298 ; 6.298 ;
; A[4]       ; SOMA[7]     ; 6.662 ; 6.662 ; 6.662 ; 6.662 ;
; A[6]       ; COUT        ; 5.650 ; 5.650 ; 5.650 ; 5.650 ;
; A[6]       ; SOMA[6]     ; 5.689 ; 5.689 ; 5.689 ; 5.689 ;
; A[6]       ; SOMA[7]     ; 5.979 ; 5.979 ; 5.979 ; 5.979 ;
; A[7]       ; COUT        ; 3.647 ; 3.647 ; 3.647 ; 3.647 ;
; A[7]       ; SOMA[7]     ; 3.978 ; 3.978 ; 3.978 ; 3.978 ;
; B[0]       ; COUT        ; 7.378 ;       ;       ; 7.378 ;
; B[0]       ; SOMA[0]     ; 5.527 ; 5.527 ; 5.527 ; 5.527 ;
; B[0]       ; SOMA[1]     ; 5.891 ; 5.891 ; 5.891 ; 5.891 ;
; B[0]       ; SOMA[2]     ; 6.280 ; 6.280 ; 6.280 ; 6.280 ;
; B[0]       ; SOMA[3]     ; 6.221 ; 6.221 ; 6.221 ; 6.221 ;
; B[0]       ; SOMA[4]     ; 6.493 ; 6.493 ; 6.493 ; 6.493 ;
; B[0]       ; SOMA[5]     ; 7.064 ; 7.064 ; 7.064 ; 7.064 ;
; B[0]       ; SOMA[6]     ; 7.343 ; 7.343 ; 7.343 ; 7.343 ;
; B[0]       ; SOMA[7]     ; 7.707 ; 7.707 ; 7.707 ; 7.707 ;
; B[1]       ; COUT        ; 6.904 ;       ;       ; 6.904 ;
; B[1]       ; SOMA[1]     ; 5.328 ; 5.328 ; 5.328 ; 5.328 ;
; B[1]       ; SOMA[2]     ; 5.806 ; 5.806 ; 5.806 ; 5.806 ;
; B[1]       ; SOMA[3]     ; 5.747 ; 5.747 ; 5.747 ; 5.747 ;
; B[1]       ; SOMA[4]     ; 6.019 ; 6.019 ; 6.019 ; 6.019 ;
; B[1]       ; SOMA[5]     ; 6.590 ; 6.590 ; 6.590 ; 6.590 ;
; B[1]       ; SOMA[6]     ; 6.869 ; 6.869 ; 6.869 ; 6.869 ;
; B[1]       ; SOMA[7]     ; 7.233 ; 7.233 ; 7.233 ; 7.233 ;
; B[2]       ; COUT        ; 6.914 ;       ;       ; 6.914 ;
; B[2]       ; SOMA[2]     ; 5.543 ; 5.543 ; 5.543 ; 5.543 ;
; B[2]       ; SOMA[3]     ; 5.757 ; 5.757 ; 5.757 ; 5.757 ;
; B[2]       ; SOMA[4]     ; 6.029 ; 6.029 ; 6.029 ; 6.029 ;
; B[2]       ; SOMA[5]     ; 6.600 ; 6.600 ; 6.600 ; 6.600 ;
; B[2]       ; SOMA[6]     ; 6.879 ; 6.879 ; 6.879 ; 6.879 ;
; B[2]       ; SOMA[7]     ; 7.243 ; 7.243 ; 7.243 ; 7.243 ;
; B[3]       ; COUT        ; 6.653 ;       ;       ; 6.653 ;
; B[3]       ; SOMA[3]     ; 5.267 ; 5.267 ; 5.267 ; 5.267 ;
; B[3]       ; SOMA[4]     ; 5.768 ; 5.768 ; 5.768 ; 5.768 ;
; B[3]       ; SOMA[5]     ; 6.339 ; 6.339 ; 6.339 ; 6.339 ;
; B[3]       ; SOMA[6]     ; 6.618 ; 6.618 ; 6.618 ; 6.618 ;
; B[3]       ; SOMA[7]     ; 6.982 ; 6.982 ; 6.982 ; 6.982 ;
; B[4]       ; COUT        ; 6.143 ;       ;       ; 6.143 ;
; B[4]       ; SOMA[4]     ; 5.097 ; 5.097 ; 5.097 ; 5.097 ;
; B[4]       ; SOMA[5]     ; 5.829 ; 5.829 ; 5.829 ; 5.829 ;
; B[4]       ; SOMA[6]     ; 6.108 ; 6.108 ; 6.108 ; 6.108 ;
; B[4]       ; SOMA[7]     ; 6.472 ; 6.472 ; 6.472 ; 6.472 ;
; B[5]       ; COUT        ; 6.058 ; 6.161 ; 6.161 ; 6.058 ;
; B[5]       ; SOMA[5]     ; 5.679 ; 5.679 ; 5.679 ; 5.679 ;
; B[5]       ; SOMA[6]     ; 6.023 ; 6.023 ; 6.023 ; 6.023 ;
; B[5]       ; SOMA[7]     ; 6.387 ; 6.387 ; 6.387 ; 6.387 ;
; B[6]       ; COUT        ; 5.594 ;       ;       ; 5.594 ;
; B[6]       ; SOMA[6]     ; 5.405 ; 5.405 ; 5.405 ; 5.405 ;
; B[6]       ; SOMA[7]     ; 5.923 ; 5.923 ; 5.923 ; 5.923 ;
; B[7]       ; COUT        ; 5.151 ;       ;       ; 5.151 ;
; B[7]       ; SOMA[7]     ; 5.307 ; 5.307 ; 5.307 ; 5.307 ;
; CIN        ; COUT        ; 6.971 ;       ;       ; 6.971 ;
; CIN        ; SOMA[0]     ; 5.343 ; 5.343 ; 5.343 ; 5.343 ;
; CIN        ; SOMA[1]     ; 5.484 ; 5.484 ; 5.484 ; 5.484 ;
; CIN        ; SOMA[2]     ; 5.873 ; 5.873 ; 5.873 ; 5.873 ;
; CIN        ; SOMA[3]     ; 5.814 ; 5.814 ; 5.814 ; 5.814 ;
; CIN        ; SOMA[4]     ; 6.086 ; 6.086 ; 6.086 ; 6.086 ;
; CIN        ; SOMA[5]     ; 6.657 ; 6.657 ; 6.657 ; 6.657 ;
; CIN        ; SOMA[6]     ; 6.936 ; 6.936 ; 6.936 ; 6.936 ;
; CIN        ; SOMA[7]     ; 7.300 ; 7.300 ; 7.300 ; 7.300 ;
; ENA        ; COUT        ; 5.284 ; 5.284 ; 5.284 ; 5.284 ;
; ENA        ; SOMA[0]     ; 5.642 ; 5.642 ; 5.642 ; 5.642 ;
; ENA        ; SOMA[1]     ; 5.755 ; 5.755 ; 5.755 ; 5.755 ;
; ENA        ; SOMA[2]     ; 5.759 ; 5.759 ; 5.759 ; 5.759 ;
; ENA        ; SOMA[3]     ; 5.537 ; 5.537 ; 5.537 ; 5.537 ;
; ENA        ; SOMA[4]     ; 5.650 ; 5.650 ; 5.650 ; 5.650 ;
; ENA        ; SOMA[5]     ; 5.507 ; 5.507 ; 5.507 ; 5.507 ;
; ENA        ; SOMA[6]     ; 5.526 ; 5.526 ; 5.526 ; 5.526 ;
; ENA        ; SOMA[7]     ; 5.615 ; 5.615 ; 5.615 ; 5.615 ;
; ENB        ; COUT        ; 5.303 ;       ;       ; 5.303 ;
; ENB        ; SOMA[0]     ; 5.614 ; 5.614 ; 5.614 ; 5.614 ;
; ENB        ; SOMA[1]     ; 5.611 ; 5.611 ; 5.611 ; 5.611 ;
; ENB        ; SOMA[2]     ; 5.519 ; 5.519 ; 5.519 ; 5.519 ;
; ENB        ; SOMA[3]     ; 5.332 ; 5.332 ; 5.332 ; 5.332 ;
; ENB        ; SOMA[4]     ; 5.289 ; 5.289 ; 5.289 ; 5.289 ;
; ENB        ; SOMA[5]     ; 5.350 ; 5.350 ; 5.350 ; 5.350 ;
; ENB        ; SOMA[6]     ; 5.257 ; 5.257 ; 5.257 ; 5.257 ;
; ENB        ; SOMA[7]     ; 5.459 ; 5.459 ; 5.459 ; 5.459 ;
; F0         ; SOMA[0]     ; 5.268 ; 5.268 ; 5.268 ; 5.268 ;
; F0         ; SOMA[1]     ; 5.266 ; 5.266 ; 5.266 ; 5.266 ;
; F0         ; SOMA[2]     ; 5.193 ; 5.193 ; 5.193 ; 5.193 ;
; F0         ; SOMA[3]     ; 5.192 ; 5.192 ; 5.192 ; 5.192 ;
; F0         ; SOMA[4]     ; 5.188 ; 5.188 ; 5.188 ; 5.188 ;
; F0         ; SOMA[5]     ; 4.985 ; 4.985 ; 4.985 ; 4.985 ;
; F0         ; SOMA[6]     ; 4.987 ; 4.987 ; 4.987 ; 4.987 ;
; F0         ; SOMA[7]     ; 5.068 ; 5.068 ; 5.068 ; 5.068 ;
; F1         ; SOMA[0]     ; 5.413 ; 5.413 ; 5.413 ; 5.413 ;
; F1         ; SOMA[1]     ; 5.411 ; 5.411 ; 5.411 ; 5.411 ;
; F1         ; SOMA[2]     ; 5.310 ; 5.310 ; 5.310 ; 5.310 ;
; F1         ; SOMA[3]     ; 5.274 ; 5.274 ; 5.274 ; 5.274 ;
; F1         ; SOMA[4]     ; 5.195 ; 5.195 ; 5.195 ; 5.195 ;
; F1         ; SOMA[5]     ; 5.304 ; 5.304 ; 5.304 ; 5.304 ;
; F1         ; SOMA[6]     ; 5.306 ; 5.306 ; 5.306 ; 5.306 ;
; F1         ; SOMA[7]     ; 5.388 ; 5.388 ; 5.388 ; 5.388 ;
; INVA       ; COUT        ; 5.085 ; 5.085 ; 5.085 ; 5.085 ;
; INVA       ; SOMA[0]     ; 5.622 ; 5.622 ; 5.622 ; 5.622 ;
; INVA       ; SOMA[1]     ; 5.501 ; 5.501 ; 5.501 ; 5.501 ;
; INVA       ; SOMA[2]     ; 5.599 ; 5.599 ; 5.599 ; 5.599 ;
; INVA       ; SOMA[3]     ; 5.377 ; 5.377 ; 5.377 ; 5.377 ;
; INVA       ; SOMA[4]     ; 5.486 ; 5.486 ; 5.486 ; 5.486 ;
; INVA       ; SOMA[5]     ; 5.324 ; 5.324 ; 5.324 ; 5.324 ;
; INVA       ; SOMA[6]     ; 5.328 ; 5.328 ; 5.328 ; 5.328 ;
; INVA       ; SOMA[7]     ; 5.419 ; 5.419 ; 5.419 ; 5.419 ;
+------------+-------------+-------+-------+-------+-------+


-------------------
; Clock Transfers ;
-------------------
Nothing to report.


---------------
; Report TCCS ;
---------------
No dedicated SERDES Transmitter circuitry present in device or used in design


---------------
; Report RSKM ;
---------------
No dedicated SERDES Receiver circuitry present in device or used in design


+------------------------------------------------+
; Unconstrained Paths                            ;
+---------------------------------+-------+------+
; Property                        ; Setup ; Hold ;
+---------------------------------+-------+------+
; Illegal Clocks                  ; 0     ; 0    ;
; Unconstrained Clocks            ; 0     ; 0    ;
; Unconstrained Input Ports       ; 21    ; 21   ;
; Unconstrained Input Port Paths  ; 136   ; 136  ;
; Unconstrained Output Ports      ; 9     ; 9    ;
; Unconstrained Output Port Paths ; 136   ; 136  ;
+---------------------------------+-------+------+


+------------------------------------+
; TimeQuest Timing Analyzer Messages ;
+------------------------------------+
Info: *******************************************************************
Info: Running Quartus II 64-Bit TimeQuest Timing Analyzer
    Info: Version 13.0.1 Build 232 06/12/2013 Service Pack 1 SJ Web Edition
    Info: Processing started: Mon Apr 08 22:12:14 2024
Info: Command: quartus_sta MIC1 -c MIC1
Info: qsta_default_script.tcl version: #1
Warning (20028): Parallel compilation is not licensed and has been disabled
Info (21077): Low junction temperature is -40 degrees C
Info (21077): High junction temperature is 125 degrees C
Critical Warning (332012): Synopsys Design Constraints File file not found: 'MIC1.sdc'. A Synopsys Design Constraints File is required by the TimeQuest Timing Analyzer to get proper timing constraints. Without it, the Compiler will not properly optimize the design.
Info (332142): No user constrained base clocks found in the design. Calling "derive_clocks -period 1.0"
Info (332096): The command derive_clocks did not find any clocks to derive.  No clocks were created or changed.
Warning (332068): No clocks defined in design.
Info: Found TIMEQUEST_REPORT_SCRIPT_INCLUDE_DEFAULT_ANALYSIS = ON
Info (332159): No clocks to report
Info: Analyzing Slow Model
Info (332140): No fmax paths to report
Info (332140): No Setup paths to report
Info (332140): No Hold paths to report
Info (332140): No Recovery paths to report
Info (332140): No Removal paths to report
Info (332140): No Minimum Pulse Width paths to report
Info (332001): The selected device family is not supported by the report_metastability command.
Info: Analyzing Fast Model
Info (332142): No user constrained base clocks found in the design. Calling "derive_clocks -period 1.0"
Info (332096): The command derive_clocks did not find any clocks to derive.  No clocks were created or changed.
Warning (332068): No clocks defined in design.
Info (332140): No Setup paths to report
Info (332140): No Hold paths to report
Info (332140): No Recovery paths to report
Info (332140): No Removal paths to report
Info (332140): No Minimum Pulse Width paths to report
Info (332001): The selected device family is not supported by the report_metastability command.
Info (332102): Design is not fully constrained for setup requirements
Info (332102): Design is not fully constrained for hold requirements
Info: Quartus II 64-Bit TimeQuest Timing Analyzer was successful. 0 errors, 4 warnings
    Info: Peak virtual memory: 4543 megabytes
    Info: Processing ended: Mon Apr 08 22:12:16 2024
    Info: Elapsed time: 00:00:02
    Info: Total CPU time (on all processors): 00:00:01


