Flow report for MIC1
Tue Aug 27 01:38:14 2024
Quartus II 64-Bit Version 13.0.1 Build 232 06/12/2013 Service Pack 1 SJ Web Edition


---------------------
; Table of Contents ;
---------------------
  1. Legal Notice
  2. Flow Summary
  3. Flow Settings
  4. Flow Non-Default Global Settings
  5. Flow Elapsed Time
  6. Flow OS Summary
  7. Flow Log
  8. Flow Messages
  9. Flow Suppressed Messages



----------------
; Legal Notice ;
----------------
Copyright (C) 1991-2013 Altera Corporation
Your use of Altera Corporation's design tools, logic functions 
and other software and tools, and its AMPP partner logic 
functions, and any output files from any of the foregoing 
(including device programming or simulation files), and any 
associated documentation or information are expressly subject 
to the terms and conditions of the Altera Program License 
Subscription Agreement, Altera MegaCore Function License 
Agreement, or other applicable license agreement, including, 
without limitation, that your use is for the sole purpose of 
programming logic devices manufactured by Altera and sold by 
Altera or its authorized distributors.  Please refer to the 
applicable agreement for further details.



+--------------------------------------------------------------------------------------+
; Flow Summary                                                                         ;
+------------------------------------+-------------------------------------------------+
; Flow Status                        ; Successful - Tue Aug 27 01:38:14 2024           ;
; Quartus II 64-Bit Version          ; 13.0.1 Build 232 06/12/2013 SP 1 SJ Web Edition ;
; Revision Name                      ; MIC1                                            ;
; Top-level Entity Name              ; SP                                              ;
; Family                             ; Cyclone II                                      ;
; Device                             ; EP2C70F896I8                                    ;
; Timing Models                      ; Final                                           ;
; Total logic elements               ; 34 / 68,416 ( < 1 % )                           ;
;     Total combinational functions  ; 4 / 68,416 ( < 1 % )                            ;
;     Dedicated logic registers      ; 32 / 68,416 ( < 1 % )                           ;
; Total registers                    ; 32                                              ;
; Total pins                         ; 102 / 622 ( 16 % )                              ;
; Total virtual pins                 ; 0                                               ;
; Total memory bits                  ; 0 / 1,152,000 ( 0 % )                           ;
; Embedded Multiplier 9-bit elements ; 0 / 300 ( 0 % )                                 ;
; Total PLLs                         ; 0 / 4 ( 0 % )                                   ;
+------------------------------------+-------------------------------------------------+


+-----------------------------------------+
; Flow Settings                           ;
+-------------------+---------------------+
; Option            ; Setting             ;
+-------------------+---------------------+
; Start date & time ; 08/27/2024 01:38:00 ;
; Main task         ; Compilation         ;
; Revision Name     ; MIC1                ;
+-------------------+---------------------+


+----------------------------------------------------------------------------------------------------------------------------+
; Flow Non-Default Global Settings                                                                                           ;
+-------------------------------------+---------------------------------------+---------------+-------------+----------------+
; Assignment Name                     ; Value                                 ; Default Value ; Entity Name ; Section Id     ;
+-------------------------------------+---------------------------------------+---------------+-------------+----------------+
; COMPILER_SIGNATURE_ID               ; 300157584032.172473348017948          ; --            ; --          ; --             ;
; EDA_GENERATE_FUNCTIONAL_NETLIST     ; On                                    ; --            ; --          ; eda_simulation ;
; EDA_OUTPUT_DATA_FORMAT              ; Verilog Hdl                           ; --            ; --          ; eda_simulation ;
; EDA_SIMULATION_TOOL                 ; ModelSim-Altera (Verilog)             ; <None>        ; --          ; --             ;
; EDA_TIME_SCALE                      ; 1 ps                                  ; --            ; --          ; eda_simulation ;
; IP_TOOL_NAME                        ; RAM: 2-PORT                           ; --            ; --          ; --             ;
; IP_TOOL_VERSION                     ; 13.0                                  ; --            ; --          ; --             ;
; MAX_CORE_JUNCTION_TEMP              ; 125                                   ; --            ; --          ; --             ;
; MIN_CORE_JUNCTION_TEMP              ; -40                                   ; --            ; --          ; --             ;
; MISC_FILE                           ; memoria.bsf                           ; --            ; --          ; --             ;
; PARTITION_COLOR                     ; 16764057                              ; --            ; SP          ; Top            ;
; PARTITION_FITTER_PRESERVATION_LEVEL ; PLACEMENT_AND_ROUTING                 ; --            ; SP          ; Top            ;
; PARTITION_NETLIST_TYPE              ; SOURCE                                ; --            ; SP          ; Top            ;
; POWER_BOARD_THERMAL_MODEL           ; None (CONSERVATIVE)                   ; --            ; --          ; --             ;
; POWER_PRESET_COOLING_SOLUTION       ; 23 MM HEAT SINK WITH 200 LFPM AIRFLOW ; --            ; --          ; --             ;
; PROJECT_OUTPUT_DIRECTORY            ; output_files                          ; --            ; --          ; --             ;
; TOP_LEVEL_ENTITY                    ; SP                                    ; MIC1          ; --          ; --             ;
+-------------------------------------+---------------------------------------+---------------+-------------+----------------+


+-------------------------------------------------------------------------------------------------------------------------------+
; Flow Elapsed Time                                                                                                             ;
+---------------------------+--------------+-------------------------+---------------------+------------------------------------+
; Module Name               ; Elapsed Time ; Average Processors Used ; Peak Virtual Memory ; Total CPU Time (on all processors) ;
+---------------------------+--------------+-------------------------+---------------------+------------------------------------+
; Analysis & Synthesis      ; 00:00:01     ; 1.0                     ; 4633 MB             ; 00:00:01                           ;
; Fitter                    ; 00:00:07     ; 1.0                     ; 4980 MB             ; 00:00:06                           ;
; Assembler                 ; 00:00:02     ; 1.0                     ; 4562 MB             ; 00:00:03                           ;
; TimeQuest Timing Analyzer ; 00:00:00     ; 1.0                     ; 4544 MB             ; 00:00:01                           ;
; EDA Netlist Writer        ; 00:00:01     ; 1.0                     ; 4525 MB             ; 00:00:00                           ;
; Total                     ; 00:00:11     ; --                      ; --                  ; 00:00:11                           ;
+---------------------------+--------------+-------------------------+---------------------+------------------------------------+


+----------------------------------------------------------------------------------------+
; Flow OS Summary                                                                        ;
+---------------------------+------------------+-----------+------------+----------------+
; Module Name               ; Machine Hostname ; OS Name   ; OS Version ; Processor type ;
+---------------------------+------------------+-----------+------------+----------------+
; Analysis & Synthesis      ; DESKTOP-JAV0HKA  ; Windows 7 ; 6.2        ; x86_64         ;
; Fitter                    ; DESKTOP-JAV0HKA  ; Windows 7 ; 6.2        ; x86_64         ;
; Assembler                 ; DESKTOP-JAV0HKA  ; Windows 7 ; 6.2        ; x86_64         ;
; TimeQuest Timing Analyzer ; DESKTOP-JAV0HKA  ; Windows 7 ; 6.2        ; x86_64         ;
; EDA Netlist Writer        ; DESKTOP-JAV0HKA  ; Windows 7 ; 6.2        ; x86_64         ;
+---------------------------+------------------+-----------+------------+----------------+


------------
; Flow Log ;
------------
quartus_map --read_settings_files=on --write_settings_files=off MIC1 -c MIC1
quartus_fit --read_settings_files=off --write_settings_files=off MIC1 -c MIC1
quartus_asm --read_settings_files=off --write_settings_files=off MIC1 -c MIC1
quartus_sta MIC1 -c MIC1
quartus_eda --read_settings_files=off --write_settings_files=off MIC1 -c MIC1



